[2024-08-21T22:37:52.373+0000] {local_task_job_runner.py:123} INFO - ::group::Pre task execution logs
[2024-08-21T22:37:52.391+0000] {taskinstance.py:2603} INFO - Dependencies all met for dep_context=non-requeueable deps ti=<TaskInstance: docker_spark_tasks.kafka_stream manual__2024-08-21T22:05:15.104012+00:00 [queued]>
[2024-08-21T22:37:52.401+0000] {taskinstance.py:2603} INFO - Dependencies all met for dep_context=requeueable deps ti=<TaskInstance: docker_spark_tasks.kafka_stream manual__2024-08-21T22:05:15.104012+00:00 [queued]>
[2024-08-21T22:37:52.401+0000] {taskinstance.py:2856} INFO - Starting attempt 3 of 4
[2024-08-21T22:37:52.414+0000] {taskinstance.py:2879} INFO - Executing <Task(BashOperator): kafka_stream> on 2024-08-21 22:05:15.104012+00:00
[2024-08-21T22:37:52.420+0000] {warnings.py:112} WARNING - /home/***/.local/lib/python3.12/site-packages/***/task/task_runner/standard_task_runner.py:70: DeprecationWarning: This process (pid=920) is multi-threaded, use of fork() may lead to deadlocks in the child.
  pid = os.fork()

[2024-08-21T22:37:52.422+0000] {standard_task_runner.py:72} INFO - Started process 922 to run task
[2024-08-21T22:37:52.423+0000] {standard_task_runner.py:104} INFO - Running: ['***', 'tasks', 'run', 'docker_spark_tasks', 'kafka_stream', 'manual__2024-08-21T22:05:15.104012+00:00', '--job-id', '51', '--raw', '--subdir', 'DAGS_FOLDER/pipeline.py', '--cfg-path', '/tmp/tmptyp5rxpt']
[2024-08-21T22:37:52.423+0000] {standard_task_runner.py:105} INFO - Job 51: Subtask kafka_stream
[2024-08-21T22:37:52.465+0000] {task_command.py:467} INFO - Running <TaskInstance: docker_spark_tasks.kafka_stream manual__2024-08-21T22:05:15.104012+00:00 [running]> on host 2b775d69f181
[2024-08-21T22:37:52.525+0000] {taskinstance.py:3122} INFO - Exporting env vars: AIRFLOW_CTX_DAG_OWNER='***' AIRFLOW_CTX_DAG_ID='docker_spark_tasks' AIRFLOW_CTX_TASK_ID='kafka_stream' AIRFLOW_CTX_EXECUTION_DATE='2024-08-21T22:05:15.104012+00:00' AIRFLOW_CTX_TRY_NUMBER='3' AIRFLOW_CTX_DAG_RUN_ID='manual__2024-08-21T22:05:15.104012+00:00'
[2024-08-21T22:37:52.526+0000] {logging_mixin.py:190} INFO - Task instance is in running state
[2024-08-21T22:37:52.526+0000] {logging_mixin.py:190} INFO -  Previous state of the Task instance: queued
[2024-08-21T22:37:52.526+0000] {logging_mixin.py:190} INFO - Current task name:kafka_stream state:running start_date:2024-08-21 22:37:52.391832+00:00
[2024-08-21T22:37:52.526+0000] {logging_mixin.py:190} INFO - Dag name:docker_spark_tasks and current dag run status:running
[2024-08-21T22:37:52.527+0000] {taskinstance.py:731} INFO - ::endgroup::
[2024-08-21T22:37:52.527+0000] {subprocess.py:63} INFO - Tmp dir root location: /tmp
[2024-08-21T22:37:52.528+0000] {subprocess.py:75} INFO - Running command: ['/usr/bin/bash', '-c', 'docker exec node-master /usr/bin/python /home/spark/src/kafka/kakfa_stream.py']
[2024-08-21T22:37:52.540+0000] {subprocess.py:86} INFO - Output:
[2024-08-21T22:37:54.432+0000] {subprocess.py:93} INFO - Offset atualizado e dados processados com sucesso.
[2024-08-21T22:37:54.581+0000] {subprocess.py:97} INFO - Command exited with return code 0
[2024-08-21T22:37:54.618+0000] {taskinstance.py:340} INFO - ::group::Post task execution logs
[2024-08-21T22:37:54.618+0000] {taskinstance.py:352} INFO - Marking task as SUCCESS. dag_id=docker_spark_tasks, task_id=kafka_stream, run_id=manual__2024-08-21T22:05:15.104012+00:00, execution_date=20240821T220515, start_date=20240821T223752, end_date=20240821T223754
[2024-08-21T22:37:54.638+0000] {logging_mixin.py:190} INFO - Task instance in success state
[2024-08-21T22:37:54.639+0000] {logging_mixin.py:190} INFO -  Previous state of the Task instance: running
[2024-08-21T22:37:54.639+0000] {logging_mixin.py:190} INFO - Dag name:docker_spark_tasks queued_at:2024-08-21 22:37:50.297824+00:00
[2024-08-21T22:37:54.640+0000] {logging_mixin.py:190} INFO - Task hostname:2b775d69f181 operator:BashOperator
[2024-08-21T22:37:54.695+0000] {local_task_job_runner.py:261} INFO - Task exited with return code 0
[2024-08-21T22:37:54.736+0000] {taskinstance.py:3891} INFO - 1 downstream tasks scheduled from follow-on schedule check
[2024-08-21T22:37:54.739+0000] {local_task_job_runner.py:240} INFO - ::endgroup::
