[2024-08-21T22:26:09.785+0000] {local_task_job_runner.py:123} INFO - ::group::Pre task execution logs
[2024-08-21T22:26:09.801+0000] {taskinstance.py:2603} INFO - Dependencies all met for dep_context=non-requeueable deps ti=<TaskInstance: docker_spark_tasks.stream_to_postgres manual__2024-08-21T22:12:10.549926+00:00 [queued]>
[2024-08-21T22:26:09.809+0000] {taskinstance.py:2603} INFO - Dependencies all met for dep_context=requeueable deps ti=<TaskInstance: docker_spark_tasks.stream_to_postgres manual__2024-08-21T22:12:10.549926+00:00 [queued]>
[2024-08-21T22:26:09.809+0000] {taskinstance.py:2856} INFO - Starting attempt 9 of 10
[2024-08-21T22:26:09.821+0000] {taskinstance.py:2879} INFO - Executing <Task(BashOperator): stream_to_postgres> on 2024-08-21 22:12:10.549926+00:00
[2024-08-21T22:26:09.828+0000] {warnings.py:112} WARNING - /home/***/.local/lib/python3.12/site-packages/***/task/task_runner/standard_task_runner.py:70: DeprecationWarning: This process (pid=650) is multi-threaded, use of fork() may lead to deadlocks in the child.
  pid = os.fork()

[2024-08-21T22:26:09.830+0000] {standard_task_runner.py:72} INFO - Started process 652 to run task
[2024-08-21T22:26:09.830+0000] {standard_task_runner.py:104} INFO - Running: ['***', 'tasks', 'run', 'docker_spark_tasks', 'stream_to_postgres', 'manual__2024-08-21T22:12:10.549926+00:00', '--job-id', '44', '--raw', '--subdir', 'DAGS_FOLDER/pipeline.py', '--cfg-path', '/tmp/tmpwicv6nt6']
[2024-08-21T22:26:09.831+0000] {standard_task_runner.py:105} INFO - Job 44: Subtask stream_to_postgres
[2024-08-21T22:26:09.874+0000] {task_command.py:467} INFO - Running <TaskInstance: docker_spark_tasks.stream_to_postgres manual__2024-08-21T22:12:10.549926+00:00 [running]> on host 2b775d69f181
[2024-08-21T22:26:09.945+0000] {taskinstance.py:3122} INFO - Exporting env vars: AIRFLOW_CTX_DAG_OWNER='***' AIRFLOW_CTX_DAG_ID='docker_spark_tasks' AIRFLOW_CTX_TASK_ID='stream_to_postgres' AIRFLOW_CTX_EXECUTION_DATE='2024-08-21T22:12:10.549926+00:00' AIRFLOW_CTX_TRY_NUMBER='9' AIRFLOW_CTX_DAG_RUN_ID='manual__2024-08-21T22:12:10.549926+00:00'
[2024-08-21T22:26:09.947+0000] {logging_mixin.py:190} INFO - Task instance is in running state
[2024-08-21T22:26:09.947+0000] {logging_mixin.py:190} INFO -  Previous state of the Task instance: queued
[2024-08-21T22:26:09.947+0000] {logging_mixin.py:190} INFO - Current task name:stream_to_postgres state:running start_date:2024-08-21 22:26:09.802001+00:00
[2024-08-21T22:26:09.947+0000] {logging_mixin.py:190} INFO - Dag name:docker_spark_tasks and current dag run status:running
[2024-08-21T22:26:09.947+0000] {taskinstance.py:731} INFO - ::endgroup::
[2024-08-21T22:26:09.948+0000] {subprocess.py:63} INFO - Tmp dir root location: /tmp
[2024-08-21T22:26:09.949+0000] {subprocess.py:75} INFO - Running command: ['/usr/bin/bash', '-c', 'docker exec node-master /home/spark/src/spark/submit.sh /home/spark/src/spark/stream_to_postgres.py']
[2024-08-21T22:26:09.962+0000] {subprocess.py:86} INFO - Output:
[2024-08-21T22:26:11.637+0000] {subprocess.py:93} INFO - :: loading settings :: url = jar:file:/home/spark/spark-3.5.1-bin-hadoop3/jars/ivy-2.5.1.jar!/org/apache/ivy/core/settings/ivysettings.xml
[2024-08-21T22:26:11.720+0000] {subprocess.py:93} INFO - Ivy Default Cache set to: /home/spark/.ivy2/cache
[2024-08-21T22:26:11.720+0000] {subprocess.py:93} INFO - The jars for the packages stored in: /home/spark/.ivy2/jars
[2024-08-21T22:26:11.725+0000] {subprocess.py:93} INFO - org.postgresql#postgresql added as a dependency
[2024-08-21T22:26:11.726+0000] {subprocess.py:93} INFO - org.apache.spark#spark-sql-kafka-0-10_2.12 added as a dependency
[2024-08-21T22:26:11.726+0000] {subprocess.py:93} INFO - org.mongodb.spark#mongo-spark-connector_2.12 added as a dependency
[2024-08-21T22:26:11.726+0000] {subprocess.py:93} INFO - :: resolving dependencies :: org.apache.spark#spark-submit-parent-18ee25fb-567c-440e-9895-fb3a670be02b;1.0
[2024-08-21T22:26:11.727+0000] {subprocess.py:93} INFO - 	confs: [default]
[2024-08-21T22:26:11.821+0000] {subprocess.py:93} INFO - 	found org.postgresql#postgresql;42.5.4 in central
[2024-08-21T22:26:11.848+0000] {subprocess.py:93} INFO - 	found org.checkerframework#checker-qual;3.5.0 in central
[2024-08-21T22:26:11.930+0000] {subprocess.py:93} INFO - 	found org.apache.spark#spark-sql-kafka-0-10_2.12;3.5.0 in central
[2024-08-21T22:26:11.985+0000] {subprocess.py:93} INFO - 	found org.apache.spark#spark-token-provider-kafka-0-10_2.12;3.5.0 in central
[2024-08-21T22:26:12.002+0000] {subprocess.py:93} INFO - 	found org.apache.kafka#kafka-clients;3.4.1 in central
[2024-08-21T22:26:12.019+0000] {subprocess.py:93} INFO - 	found org.lz4#lz4-java;1.8.0 in central
[2024-08-21T22:26:12.035+0000] {subprocess.py:93} INFO - 	found org.xerial.snappy#snappy-java;1.1.10.3 in central
[2024-08-21T22:26:12.050+0000] {subprocess.py:93} INFO - 	found org.slf4j#slf4j-api;2.0.7 in central
[2024-08-21T22:26:12.070+0000] {subprocess.py:93} INFO - 	found org.apache.hadoop#hadoop-client-runtime;3.3.4 in central
[2024-08-21T22:26:12.094+0000] {subprocess.py:93} INFO - 	found org.apache.hadoop#hadoop-client-api;3.3.4 in central
[2024-08-21T22:26:12.111+0000] {subprocess.py:93} INFO - 	found commons-logging#commons-logging;1.1.3 in central
[2024-08-21T22:26:12.122+0000] {subprocess.py:93} INFO - 	found com.google.code.findbugs#jsr305;3.0.0 in central
[2024-08-21T22:26:12.133+0000] {subprocess.py:93} INFO - 	found org.apache.commons#commons-pool2;2.11.1 in central
[2024-08-21T22:26:12.142+0000] {subprocess.py:93} INFO - 	found org.mongodb.spark#mongo-spark-connector_2.12;10.3.0 in central
[2024-08-21T22:26:16.964+0000] {subprocess.py:93} INFO - 	found org.mongodb#mongodb-driver-sync;4.8.2 in central
[2024-08-21T22:26:16.964+0000] {subprocess.py:93} INFO - 	[4.8.2] org.mongodb#mongodb-driver-sync;[4.8.1,4.8.99)
[2024-08-21T22:26:16.977+0000] {subprocess.py:93} INFO - 	found org.mongodb#bson;4.8.2 in central
[2024-08-21T22:26:16.992+0000] {subprocess.py:93} INFO - 	found org.mongodb#mongodb-driver-core;4.8.2 in central
[2024-08-21T22:26:17.007+0000] {subprocess.py:93} INFO - 	found org.mongodb#bson-record-codec;4.8.2 in central
[2024-08-21T22:26:17.047+0000] {subprocess.py:93} INFO - :: resolution report :: resolve 5298ms :: artifacts dl 22ms
[2024-08-21T22:26:17.047+0000] {subprocess.py:93} INFO - 	:: modules in use:
[2024-08-21T22:26:17.047+0000] {subprocess.py:93} INFO - 	com.google.code.findbugs#jsr305;3.0.0 from central in [default]
[2024-08-21T22:26:17.048+0000] {subprocess.py:93} INFO - 	commons-logging#commons-logging;1.1.3 from central in [default]
[2024-08-21T22:26:17.048+0000] {subprocess.py:93} INFO - 	org.apache.commons#commons-pool2;2.11.1 from central in [default]
[2024-08-21T22:26:17.048+0000] {subprocess.py:93} INFO - 	org.apache.hadoop#hadoop-client-api;3.3.4 from central in [default]
[2024-08-21T22:26:17.048+0000] {subprocess.py:93} INFO - 	org.apache.hadoop#hadoop-client-runtime;3.3.4 from central in [default]
[2024-08-21T22:26:17.048+0000] {subprocess.py:93} INFO - 	org.apache.kafka#kafka-clients;3.4.1 from central in [default]
[2024-08-21T22:26:17.049+0000] {subprocess.py:93} INFO - 	org.apache.spark#spark-sql-kafka-0-10_2.12;3.5.0 from central in [default]
[2024-08-21T22:26:17.049+0000] {subprocess.py:93} INFO - 	org.apache.spark#spark-token-provider-kafka-0-10_2.12;3.5.0 from central in [default]
[2024-08-21T22:26:17.049+0000] {subprocess.py:93} INFO - 	org.checkerframework#checker-qual;3.5.0 from central in [default]
[2024-08-21T22:26:17.049+0000] {subprocess.py:93} INFO - 	org.lz4#lz4-java;1.8.0 from central in [default]
[2024-08-21T22:26:17.049+0000] {subprocess.py:93} INFO - 	org.mongodb#bson;4.8.2 from central in [default]
[2024-08-21T22:26:17.049+0000] {subprocess.py:93} INFO - 	org.mongodb#bson-record-codec;4.8.2 from central in [default]
[2024-08-21T22:26:17.050+0000] {subprocess.py:93} INFO - 	org.mongodb#mongodb-driver-core;4.8.2 from central in [default]
[2024-08-21T22:26:17.050+0000] {subprocess.py:93} INFO - 	org.mongodb#mongodb-driver-sync;4.8.2 from central in [default]
[2024-08-21T22:26:17.050+0000] {subprocess.py:93} INFO - 	org.mongodb.spark#mongo-spark-connector_2.12;10.3.0 from central in [default]
[2024-08-21T22:26:17.050+0000] {subprocess.py:93} INFO - 	org.postgresql#postgresql;42.5.4 from central in [default]
[2024-08-21T22:26:17.050+0000] {subprocess.py:93} INFO - 	org.slf4j#slf4j-api;2.0.7 from central in [default]
[2024-08-21T22:26:17.050+0000] {subprocess.py:93} INFO - 	org.xerial.snappy#snappy-java;1.1.10.3 from central in [default]
[2024-08-21T22:26:17.051+0000] {subprocess.py:93} INFO - 	---------------------------------------------------------------------
[2024-08-21T22:26:17.051+0000] {subprocess.py:93} INFO - 	|                  |            modules            ||   artifacts   |
[2024-08-21T22:26:17.051+0000] {subprocess.py:93} INFO - 	|       conf       | number| search|dwnlded|evicted|| number|dwnlded|
[2024-08-21T22:26:17.051+0000] {subprocess.py:93} INFO - 	---------------------------------------------------------------------
[2024-08-21T22:26:17.051+0000] {subprocess.py:93} INFO - 	|      default     |   18  |   1   |   0   |   0   ||   18  |   0   |
[2024-08-21T22:26:17.051+0000] {subprocess.py:93} INFO - 	---------------------------------------------------------------------
[2024-08-21T22:26:17.058+0000] {subprocess.py:93} INFO - :: retrieving :: org.apache.spark#spark-submit-parent-18ee25fb-567c-440e-9895-fb3a670be02b
[2024-08-21T22:26:17.058+0000] {subprocess.py:93} INFO - 	confs: [default]
[2024-08-21T22:26:17.070+0000] {subprocess.py:93} INFO - 	0 artifacts copied, 18 already retrieved (0kB/12ms)
[2024-08-21T22:26:17.280+0000] {subprocess.py:93} INFO - 24/08/21 19:26:17 WARN NativeCodeLoader: Unable to load native-hadoop library for your platform... using builtin-java classes where applicable
[2024-08-21T22:26:18.345+0000] {subprocess.py:93} INFO - 24/08/21 19:26:18 INFO SparkContext: Running Spark version 3.5.1
[2024-08-21T22:26:18.345+0000] {subprocess.py:93} INFO - 24/08/21 19:26:18 INFO SparkContext: OS info Linux, 6.5.0-45-generic, amd64
[2024-08-21T22:26:18.345+0000] {subprocess.py:93} INFO - 24/08/21 19:26:18 INFO SparkContext: Java version 11.0.24
[2024-08-21T22:26:18.361+0000] {subprocess.py:93} INFO - 24/08/21 19:26:18 INFO ResourceUtils: ==============================================================
[2024-08-21T22:26:18.362+0000] {subprocess.py:93} INFO - 24/08/21 19:26:18 INFO ResourceUtils: No custom resources configured for spark.driver.
[2024-08-21T22:26:18.362+0000] {subprocess.py:93} INFO - 24/08/21 19:26:18 INFO ResourceUtils: ==============================================================
[2024-08-21T22:26:18.362+0000] {subprocess.py:93} INFO - 24/08/21 19:26:18 INFO SparkContext: Submitted application: Kafka to PostgreSQL with PySpark
[2024-08-21T22:26:18.377+0000] {subprocess.py:93} INFO - 24/08/21 19:26:18 INFO ResourceProfile: Default ResourceProfile created, executor resources: Map(cores -> name: cores, amount: 1, script: , vendor: , memory -> name: memory, amount: 1024, script: , vendor: , offHeap -> name: offHeap, amount: 0, script: , vendor: ), task resources: Map(cpus -> name: cpus, amount: 1.0)
[2024-08-21T22:26:18.387+0000] {subprocess.py:93} INFO - 24/08/21 19:26:18 INFO ResourceProfile: Limiting resource is cpu
[2024-08-21T22:26:18.388+0000] {subprocess.py:93} INFO - 24/08/21 19:26:18 INFO ResourceProfileManager: Added ResourceProfile id: 0
[2024-08-21T22:26:18.431+0000] {subprocess.py:93} INFO - 24/08/21 19:26:18 INFO SecurityManager: Changing view acls to: spark
[2024-08-21T22:26:18.432+0000] {subprocess.py:93} INFO - 24/08/21 19:26:18 INFO SecurityManager: Changing modify acls to: spark
[2024-08-21T22:26:18.432+0000] {subprocess.py:93} INFO - 24/08/21 19:26:18 INFO SecurityManager: Changing view acls groups to:
[2024-08-21T22:26:18.433+0000] {subprocess.py:93} INFO - 24/08/21 19:26:18 INFO SecurityManager: Changing modify acls groups to:
[2024-08-21T22:26:18.433+0000] {subprocess.py:93} INFO - 24/08/21 19:26:18 INFO SecurityManager: SecurityManager: authentication disabled; ui acls disabled; users with view permissions: spark; groups with view permissions: EMPTY; users with modify permissions: spark; groups with modify permissions: EMPTY
[2024-08-21T22:26:18.608+0000] {subprocess.py:93} INFO - 24/08/21 19:26:18 INFO Utils: Successfully started service 'sparkDriver' on port 39221.
[2024-08-21T22:26:18.629+0000] {subprocess.py:93} INFO - 24/08/21 19:26:18 INFO SparkEnv: Registering MapOutputTracker
[2024-08-21T22:26:18.662+0000] {subprocess.py:93} INFO - 24/08/21 19:26:18 INFO SparkEnv: Registering BlockManagerMaster
[2024-08-21T22:26:18.678+0000] {subprocess.py:93} INFO - 24/08/21 19:26:18 INFO BlockManagerMasterEndpoint: Using org.apache.spark.storage.DefaultTopologyMapper for getting topology information
[2024-08-21T22:26:18.679+0000] {subprocess.py:93} INFO - 24/08/21 19:26:18 INFO BlockManagerMasterEndpoint: BlockManagerMasterEndpoint up
[2024-08-21T22:26:18.681+0000] {subprocess.py:93} INFO - 24/08/21 19:26:18 INFO SparkEnv: Registering BlockManagerMasterHeartbeat
[2024-08-21T22:26:18.700+0000] {subprocess.py:93} INFO - 24/08/21 19:26:18 INFO DiskBlockManager: Created local directory at /tmp/blockmgr-38921387-fa31-44fd-aea4-562a557e228f
[2024-08-21T22:26:18.712+0000] {subprocess.py:93} INFO - 24/08/21 19:26:18 INFO MemoryStore: MemoryStore started with capacity 434.4 MiB
[2024-08-21T22:26:18.724+0000] {subprocess.py:93} INFO - 24/08/21 19:26:18 INFO SparkEnv: Registering OutputCommitCoordinator
[2024-08-21T22:26:18.836+0000] {subprocess.py:93} INFO - 24/08/21 19:26:18 INFO JettyUtils: Start Jetty 0.0.0.0:4040 for SparkUI
[2024-08-21T22:26:18.890+0000] {subprocess.py:93} INFO - 24/08/21 19:26:18 INFO Utils: Successfully started service 'SparkUI' on port 4040.
[2024-08-21T22:26:18.924+0000] {subprocess.py:93} INFO - 24/08/21 19:26:18 INFO SparkContext: Added JAR file:///home/spark/.ivy2/jars/org.postgresql_postgresql-42.5.4.jar at spark://node-master:39221/jars/org.postgresql_postgresql-42.5.4.jar with timestamp 1724279178339
[2024-08-21T22:26:18.924+0000] {subprocess.py:93} INFO - 24/08/21 19:26:18 INFO SparkContext: Added JAR file:///home/spark/.ivy2/jars/org.apache.spark_spark-sql-kafka-0-10_2.12-3.5.0.jar at spark://node-master:39221/jars/org.apache.spark_spark-sql-kafka-0-10_2.12-3.5.0.jar with timestamp 1724279178339
[2024-08-21T22:26:18.925+0000] {subprocess.py:93} INFO - 24/08/21 19:26:18 INFO SparkContext: Added JAR file:///home/spark/.ivy2/jars/org.mongodb.spark_mongo-spark-connector_2.12-10.3.0.jar at spark://node-master:39221/jars/org.mongodb.spark_mongo-spark-connector_2.12-10.3.0.jar with timestamp 1724279178339
[2024-08-21T22:26:18.925+0000] {subprocess.py:93} INFO - 24/08/21 19:26:18 INFO SparkContext: Added JAR file:///home/spark/.ivy2/jars/org.checkerframework_checker-qual-3.5.0.jar at spark://node-master:39221/jars/org.checkerframework_checker-qual-3.5.0.jar with timestamp 1724279178339
[2024-08-21T22:26:18.925+0000] {subprocess.py:93} INFO - 24/08/21 19:26:18 INFO SparkContext: Added JAR file:///home/spark/.ivy2/jars/org.apache.spark_spark-token-provider-kafka-0-10_2.12-3.5.0.jar at spark://node-master:39221/jars/org.apache.spark_spark-token-provider-kafka-0-10_2.12-3.5.0.jar with timestamp 1724279178339
[2024-08-21T22:26:18.925+0000] {subprocess.py:93} INFO - 24/08/21 19:26:18 INFO SparkContext: Added JAR file:///home/spark/.ivy2/jars/org.apache.kafka_kafka-clients-3.4.1.jar at spark://node-master:39221/jars/org.apache.kafka_kafka-clients-3.4.1.jar with timestamp 1724279178339
[2024-08-21T22:26:18.925+0000] {subprocess.py:93} INFO - 24/08/21 19:26:18 INFO SparkContext: Added JAR file:///home/spark/.ivy2/jars/com.google.code.findbugs_jsr305-3.0.0.jar at spark://node-master:39221/jars/com.google.code.findbugs_jsr305-3.0.0.jar with timestamp 1724279178339
[2024-08-21T22:26:18.926+0000] {subprocess.py:93} INFO - 24/08/21 19:26:18 INFO SparkContext: Added JAR file:///home/spark/.ivy2/jars/org.apache.commons_commons-pool2-2.11.1.jar at spark://node-master:39221/jars/org.apache.commons_commons-pool2-2.11.1.jar with timestamp 1724279178339
[2024-08-21T22:26:18.926+0000] {subprocess.py:93} INFO - 24/08/21 19:26:18 INFO SparkContext: Added JAR file:///home/spark/.ivy2/jars/org.apache.hadoop_hadoop-client-runtime-3.3.4.jar at spark://node-master:39221/jars/org.apache.hadoop_hadoop-client-runtime-3.3.4.jar with timestamp 1724279178339
[2024-08-21T22:26:18.926+0000] {subprocess.py:93} INFO - 24/08/21 19:26:18 INFO SparkContext: Added JAR file:///home/spark/.ivy2/jars/org.lz4_lz4-java-1.8.0.jar at spark://node-master:39221/jars/org.lz4_lz4-java-1.8.0.jar with timestamp 1724279178339
[2024-08-21T22:26:18.926+0000] {subprocess.py:93} INFO - 24/08/21 19:26:18 INFO SparkContext: Added JAR file:///home/spark/.ivy2/jars/org.xerial.snappy_snappy-java-1.1.10.3.jar at spark://node-master:39221/jars/org.xerial.snappy_snappy-java-1.1.10.3.jar with timestamp 1724279178339
[2024-08-21T22:26:18.927+0000] {subprocess.py:93} INFO - 24/08/21 19:26:18 INFO SparkContext: Added JAR file:///home/spark/.ivy2/jars/org.slf4j_slf4j-api-2.0.7.jar at spark://node-master:39221/jars/org.slf4j_slf4j-api-2.0.7.jar with timestamp 1724279178339
[2024-08-21T22:26:18.927+0000] {subprocess.py:93} INFO - 24/08/21 19:26:18 INFO SparkContext: Added JAR file:///home/spark/.ivy2/jars/org.apache.hadoop_hadoop-client-api-3.3.4.jar at spark://node-master:39221/jars/org.apache.hadoop_hadoop-client-api-3.3.4.jar with timestamp 1724279178339
[2024-08-21T22:26:18.927+0000] {subprocess.py:93} INFO - 24/08/21 19:26:18 INFO SparkContext: Added JAR file:///home/spark/.ivy2/jars/commons-logging_commons-logging-1.1.3.jar at spark://node-master:39221/jars/commons-logging_commons-logging-1.1.3.jar with timestamp 1724279178339
[2024-08-21T22:26:18.927+0000] {subprocess.py:93} INFO - 24/08/21 19:26:18 INFO SparkContext: Added JAR file:///home/spark/.ivy2/jars/org.mongodb_mongodb-driver-sync-4.8.2.jar at spark://node-master:39221/jars/org.mongodb_mongodb-driver-sync-4.8.2.jar with timestamp 1724279178339
[2024-08-21T22:26:18.927+0000] {subprocess.py:93} INFO - 24/08/21 19:26:18 INFO SparkContext: Added JAR file:///home/spark/.ivy2/jars/org.mongodb_bson-4.8.2.jar at spark://node-master:39221/jars/org.mongodb_bson-4.8.2.jar with timestamp 1724279178339
[2024-08-21T22:26:18.928+0000] {subprocess.py:93} INFO - 24/08/21 19:26:18 INFO SparkContext: Added JAR file:///home/spark/.ivy2/jars/org.mongodb_mongodb-driver-core-4.8.2.jar at spark://node-master:39221/jars/org.mongodb_mongodb-driver-core-4.8.2.jar with timestamp 1724279178339
[2024-08-21T22:26:18.928+0000] {subprocess.py:93} INFO - 24/08/21 19:26:18 INFO SparkContext: Added JAR file:///home/spark/.ivy2/jars/org.mongodb_bson-record-codec-4.8.2.jar at spark://node-master:39221/jars/org.mongodb_bson-record-codec-4.8.2.jar with timestamp 1724279178339
[2024-08-21T22:26:18.930+0000] {subprocess.py:93} INFO - 24/08/21 19:26:18 INFO SparkContext: Added file file:///home/spark/.ivy2/jars/org.postgresql_postgresql-42.5.4.jar at file:///home/spark/.ivy2/jars/org.postgresql_postgresql-42.5.4.jar with timestamp 1724279178339
[2024-08-21T22:26:18.931+0000] {subprocess.py:93} INFO - 24/08/21 19:26:18 INFO Utils: Copying /home/spark/.ivy2/jars/org.postgresql_postgresql-42.5.4.jar to /tmp/spark-da4af334-712e-408a-932a-fba1cff86aa2/userFiles-8b2398e1-9190-4e02-b576-2793d3a905a6/org.postgresql_postgresql-42.5.4.jar
[2024-08-21T22:26:18.940+0000] {subprocess.py:93} INFO - 24/08/21 19:26:18 INFO SparkContext: Added file file:///home/spark/.ivy2/jars/org.apache.spark_spark-sql-kafka-0-10_2.12-3.5.0.jar at file:///home/spark/.ivy2/jars/org.apache.spark_spark-sql-kafka-0-10_2.12-3.5.0.jar with timestamp 1724279178339
[2024-08-21T22:26:18.940+0000] {subprocess.py:93} INFO - 24/08/21 19:26:18 INFO Utils: Copying /home/spark/.ivy2/jars/org.apache.spark_spark-sql-kafka-0-10_2.12-3.5.0.jar to /tmp/spark-da4af334-712e-408a-932a-fba1cff86aa2/userFiles-8b2398e1-9190-4e02-b576-2793d3a905a6/org.apache.spark_spark-sql-kafka-0-10_2.12-3.5.0.jar
[2024-08-21T22:26:18.943+0000] {subprocess.py:93} INFO - 24/08/21 19:26:18 INFO SparkContext: Added file file:///home/spark/.ivy2/jars/org.mongodb.spark_mongo-spark-connector_2.12-10.3.0.jar at file:///home/spark/.ivy2/jars/org.mongodb.spark_mongo-spark-connector_2.12-10.3.0.jar with timestamp 1724279178339
[2024-08-21T22:26:18.943+0000] {subprocess.py:93} INFO - 24/08/21 19:26:18 INFO Utils: Copying /home/spark/.ivy2/jars/org.mongodb.spark_mongo-spark-connector_2.12-10.3.0.jar to /tmp/spark-da4af334-712e-408a-932a-fba1cff86aa2/userFiles-8b2398e1-9190-4e02-b576-2793d3a905a6/org.mongodb.spark_mongo-spark-connector_2.12-10.3.0.jar
[2024-08-21T22:26:18.945+0000] {subprocess.py:93} INFO - 24/08/21 19:26:18 INFO SparkContext: Added file file:///home/spark/.ivy2/jars/org.checkerframework_checker-qual-3.5.0.jar at file:///home/spark/.ivy2/jars/org.checkerframework_checker-qual-3.5.0.jar with timestamp 1724279178339
[2024-08-21T22:26:18.946+0000] {subprocess.py:93} INFO - 24/08/21 19:26:18 INFO Utils: Copying /home/spark/.ivy2/jars/org.checkerframework_checker-qual-3.5.0.jar to /tmp/spark-da4af334-712e-408a-932a-fba1cff86aa2/userFiles-8b2398e1-9190-4e02-b576-2793d3a905a6/org.checkerframework_checker-qual-3.5.0.jar
[2024-08-21T22:26:18.948+0000] {subprocess.py:93} INFO - 24/08/21 19:26:18 INFO SparkContext: Added file file:///home/spark/.ivy2/jars/org.apache.spark_spark-token-provider-kafka-0-10_2.12-3.5.0.jar at file:///home/spark/.ivy2/jars/org.apache.spark_spark-token-provider-kafka-0-10_2.12-3.5.0.jar with timestamp 1724279178339
[2024-08-21T22:26:18.948+0000] {subprocess.py:93} INFO - 24/08/21 19:26:18 INFO Utils: Copying /home/spark/.ivy2/jars/org.apache.spark_spark-token-provider-kafka-0-10_2.12-3.5.0.jar to /tmp/spark-da4af334-712e-408a-932a-fba1cff86aa2/userFiles-8b2398e1-9190-4e02-b576-2793d3a905a6/org.apache.spark_spark-token-provider-kafka-0-10_2.12-3.5.0.jar
[2024-08-21T22:26:18.951+0000] {subprocess.py:93} INFO - 24/08/21 19:26:18 INFO SparkContext: Added file file:///home/spark/.ivy2/jars/org.apache.kafka_kafka-clients-3.4.1.jar at file:///home/spark/.ivy2/jars/org.apache.kafka_kafka-clients-3.4.1.jar with timestamp 1724279178339
[2024-08-21T22:26:18.951+0000] {subprocess.py:93} INFO - 24/08/21 19:26:18 INFO Utils: Copying /home/spark/.ivy2/jars/org.apache.kafka_kafka-clients-3.4.1.jar to /tmp/spark-da4af334-712e-408a-932a-fba1cff86aa2/userFiles-8b2398e1-9190-4e02-b576-2793d3a905a6/org.apache.kafka_kafka-clients-3.4.1.jar
[2024-08-21T22:26:18.958+0000] {subprocess.py:93} INFO - 24/08/21 19:26:18 INFO SparkContext: Added file file:///home/spark/.ivy2/jars/com.google.code.findbugs_jsr305-3.0.0.jar at file:///home/spark/.ivy2/jars/com.google.code.findbugs_jsr305-3.0.0.jar with timestamp 1724279178339
[2024-08-21T22:26:18.958+0000] {subprocess.py:93} INFO - 24/08/21 19:26:18 INFO Utils: Copying /home/spark/.ivy2/jars/com.google.code.findbugs_jsr305-3.0.0.jar to /tmp/spark-da4af334-712e-408a-932a-fba1cff86aa2/userFiles-8b2398e1-9190-4e02-b576-2793d3a905a6/com.google.code.findbugs_jsr305-3.0.0.jar
[2024-08-21T22:26:18.960+0000] {subprocess.py:93} INFO - 24/08/21 19:26:18 INFO SparkContext: Added file file:///home/spark/.ivy2/jars/org.apache.commons_commons-pool2-2.11.1.jar at file:///home/spark/.ivy2/jars/org.apache.commons_commons-pool2-2.11.1.jar with timestamp 1724279178339
[2024-08-21T22:26:18.961+0000] {subprocess.py:93} INFO - 24/08/21 19:26:18 INFO Utils: Copying /home/spark/.ivy2/jars/org.apache.commons_commons-pool2-2.11.1.jar to /tmp/spark-da4af334-712e-408a-932a-fba1cff86aa2/userFiles-8b2398e1-9190-4e02-b576-2793d3a905a6/org.apache.commons_commons-pool2-2.11.1.jar
[2024-08-21T22:26:18.963+0000] {subprocess.py:93} INFO - 24/08/21 19:26:18 INFO SparkContext: Added file file:///home/spark/.ivy2/jars/org.apache.hadoop_hadoop-client-runtime-3.3.4.jar at file:///home/spark/.ivy2/jars/org.apache.hadoop_hadoop-client-runtime-3.3.4.jar with timestamp 1724279178339
[2024-08-21T22:26:18.963+0000] {subprocess.py:93} INFO - 24/08/21 19:26:18 INFO Utils: Copying /home/spark/.ivy2/jars/org.apache.hadoop_hadoop-client-runtime-3.3.4.jar to /tmp/spark-da4af334-712e-408a-932a-fba1cff86aa2/userFiles-8b2398e1-9190-4e02-b576-2793d3a905a6/org.apache.hadoop_hadoop-client-runtime-3.3.4.jar
[2024-08-21T22:26:18.993+0000] {subprocess.py:93} INFO - 24/08/21 19:26:18 INFO SparkContext: Added file file:///home/spark/.ivy2/jars/org.lz4_lz4-java-1.8.0.jar at file:///home/spark/.ivy2/jars/org.lz4_lz4-java-1.8.0.jar with timestamp 1724279178339
[2024-08-21T22:26:18.993+0000] {subprocess.py:93} INFO - 24/08/21 19:26:18 INFO Utils: Copying /home/spark/.ivy2/jars/org.lz4_lz4-java-1.8.0.jar to /tmp/spark-da4af334-712e-408a-932a-fba1cff86aa2/userFiles-8b2398e1-9190-4e02-b576-2793d3a905a6/org.lz4_lz4-java-1.8.0.jar
[2024-08-21T22:26:18.996+0000] {subprocess.py:93} INFO - 24/08/21 19:26:18 INFO SparkContext: Added file file:///home/spark/.ivy2/jars/org.xerial.snappy_snappy-java-1.1.10.3.jar at file:///home/spark/.ivy2/jars/org.xerial.snappy_snappy-java-1.1.10.3.jar with timestamp 1724279178339
[2024-08-21T22:26:18.996+0000] {subprocess.py:93} INFO - 24/08/21 19:26:18 INFO Utils: Copying /home/spark/.ivy2/jars/org.xerial.snappy_snappy-java-1.1.10.3.jar to /tmp/spark-da4af334-712e-408a-932a-fba1cff86aa2/userFiles-8b2398e1-9190-4e02-b576-2793d3a905a6/org.xerial.snappy_snappy-java-1.1.10.3.jar
[2024-08-21T22:26:19.001+0000] {subprocess.py:93} INFO - 24/08/21 19:26:19 INFO SparkContext: Added file file:///home/spark/.ivy2/jars/org.slf4j_slf4j-api-2.0.7.jar at file:///home/spark/.ivy2/jars/org.slf4j_slf4j-api-2.0.7.jar with timestamp 1724279178339
[2024-08-21T22:26:19.001+0000] {subprocess.py:93} INFO - 24/08/21 19:26:19 INFO Utils: Copying /home/spark/.ivy2/jars/org.slf4j_slf4j-api-2.0.7.jar to /tmp/spark-da4af334-712e-408a-932a-fba1cff86aa2/userFiles-8b2398e1-9190-4e02-b576-2793d3a905a6/org.slf4j_slf4j-api-2.0.7.jar
[2024-08-21T22:26:19.003+0000] {subprocess.py:93} INFO - 24/08/21 19:26:19 INFO SparkContext: Added file file:///home/spark/.ivy2/jars/org.apache.hadoop_hadoop-client-api-3.3.4.jar at file:///home/spark/.ivy2/jars/org.apache.hadoop_hadoop-client-api-3.3.4.jar with timestamp 1724279178339
[2024-08-21T22:26:19.003+0000] {subprocess.py:93} INFO - 24/08/21 19:26:19 INFO Utils: Copying /home/spark/.ivy2/jars/org.apache.hadoop_hadoop-client-api-3.3.4.jar to /tmp/spark-da4af334-712e-408a-932a-fba1cff86aa2/userFiles-8b2398e1-9190-4e02-b576-2793d3a905a6/org.apache.hadoop_hadoop-client-api-3.3.4.jar
[2024-08-21T22:26:19.023+0000] {subprocess.py:93} INFO - 24/08/21 19:26:19 INFO SparkContext: Added file file:///home/spark/.ivy2/jars/commons-logging_commons-logging-1.1.3.jar at file:///home/spark/.ivy2/jars/commons-logging_commons-logging-1.1.3.jar with timestamp 1724279178339
[2024-08-21T22:26:19.023+0000] {subprocess.py:93} INFO - 24/08/21 19:26:19 INFO Utils: Copying /home/spark/.ivy2/jars/commons-logging_commons-logging-1.1.3.jar to /tmp/spark-da4af334-712e-408a-932a-fba1cff86aa2/userFiles-8b2398e1-9190-4e02-b576-2793d3a905a6/commons-logging_commons-logging-1.1.3.jar
[2024-08-21T22:26:19.025+0000] {subprocess.py:93} INFO - 24/08/21 19:26:19 INFO SparkContext: Added file file:///home/spark/.ivy2/jars/org.mongodb_mongodb-driver-sync-4.8.2.jar at file:///home/spark/.ivy2/jars/org.mongodb_mongodb-driver-sync-4.8.2.jar with timestamp 1724279178339
[2024-08-21T22:26:19.025+0000] {subprocess.py:93} INFO - 24/08/21 19:26:19 INFO Utils: Copying /home/spark/.ivy2/jars/org.mongodb_mongodb-driver-sync-4.8.2.jar to /tmp/spark-da4af334-712e-408a-932a-fba1cff86aa2/userFiles-8b2398e1-9190-4e02-b576-2793d3a905a6/org.mongodb_mongodb-driver-sync-4.8.2.jar
[2024-08-21T22:26:19.027+0000] {subprocess.py:93} INFO - 24/08/21 19:26:19 INFO SparkContext: Added file file:///home/spark/.ivy2/jars/org.mongodb_bson-4.8.2.jar at file:///home/spark/.ivy2/jars/org.mongodb_bson-4.8.2.jar with timestamp 1724279178339
[2024-08-21T22:26:19.028+0000] {subprocess.py:93} INFO - 24/08/21 19:26:19 INFO Utils: Copying /home/spark/.ivy2/jars/org.mongodb_bson-4.8.2.jar to /tmp/spark-da4af334-712e-408a-932a-fba1cff86aa2/userFiles-8b2398e1-9190-4e02-b576-2793d3a905a6/org.mongodb_bson-4.8.2.jar
[2024-08-21T22:26:19.030+0000] {subprocess.py:93} INFO - 24/08/21 19:26:19 INFO SparkContext: Added file file:///home/spark/.ivy2/jars/org.mongodb_mongodb-driver-core-4.8.2.jar at file:///home/spark/.ivy2/jars/org.mongodb_mongodb-driver-core-4.8.2.jar with timestamp 1724279178339
[2024-08-21T22:26:19.031+0000] {subprocess.py:93} INFO - 24/08/21 19:26:19 INFO Utils: Copying /home/spark/.ivy2/jars/org.mongodb_mongodb-driver-core-4.8.2.jar to /tmp/spark-da4af334-712e-408a-932a-fba1cff86aa2/userFiles-8b2398e1-9190-4e02-b576-2793d3a905a6/org.mongodb_mongodb-driver-core-4.8.2.jar
[2024-08-21T22:26:19.034+0000] {subprocess.py:93} INFO - 24/08/21 19:26:19 INFO SparkContext: Added file file:///home/spark/.ivy2/jars/org.mongodb_bson-record-codec-4.8.2.jar at file:///home/spark/.ivy2/jars/org.mongodb_bson-record-codec-4.8.2.jar with timestamp 1724279178339
[2024-08-21T22:26:19.035+0000] {subprocess.py:93} INFO - 24/08/21 19:26:19 INFO Utils: Copying /home/spark/.ivy2/jars/org.mongodb_bson-record-codec-4.8.2.jar to /tmp/spark-da4af334-712e-408a-932a-fba1cff86aa2/userFiles-8b2398e1-9190-4e02-b576-2793d3a905a6/org.mongodb_bson-record-codec-4.8.2.jar
[2024-08-21T22:26:19.096+0000] {subprocess.py:93} INFO - 24/08/21 19:26:19 INFO Executor: Starting executor ID driver on host node-master
[2024-08-21T22:26:19.096+0000] {subprocess.py:93} INFO - 24/08/21 19:26:19 INFO Executor: OS info Linux, 6.5.0-45-generic, amd64
[2024-08-21T22:26:19.097+0000] {subprocess.py:93} INFO - 24/08/21 19:26:19 INFO Executor: Java version 11.0.24
[2024-08-21T22:26:19.103+0000] {subprocess.py:93} INFO - 24/08/21 19:26:19 INFO Executor: Starting executor with user classpath (userClassPathFirst = false): ''
[2024-08-21T22:26:19.103+0000] {subprocess.py:93} INFO - 24/08/21 19:26:19 INFO Executor: Created or updated repl class loader org.apache.spark.util.MutableURLClassLoader@44e47596 for default.
[2024-08-21T22:26:19.114+0000] {subprocess.py:93} INFO - 24/08/21 19:26:19 INFO Executor: Fetching file:///home/spark/.ivy2/jars/org.apache.hadoop_hadoop-client-api-3.3.4.jar with timestamp 1724279178339
[2024-08-21T22:26:19.146+0000] {subprocess.py:93} INFO - 24/08/21 19:26:19 INFO Utils: /home/spark/.ivy2/jars/org.apache.hadoop_hadoop-client-api-3.3.4.jar has been previously copied to /tmp/spark-da4af334-712e-408a-932a-fba1cff86aa2/userFiles-8b2398e1-9190-4e02-b576-2793d3a905a6/org.apache.hadoop_hadoop-client-api-3.3.4.jar
[2024-08-21T22:26:19.148+0000] {subprocess.py:93} INFO - 24/08/21 19:26:19 INFO Executor: Fetching file:///home/spark/.ivy2/jars/org.apache.hadoop_hadoop-client-runtime-3.3.4.jar with timestamp 1724279178339
[2024-08-21T22:26:19.168+0000] {subprocess.py:93} INFO - 24/08/21 19:26:19 INFO Utils: /home/spark/.ivy2/jars/org.apache.hadoop_hadoop-client-runtime-3.3.4.jar has been previously copied to /tmp/spark-da4af334-712e-408a-932a-fba1cff86aa2/userFiles-8b2398e1-9190-4e02-b576-2793d3a905a6/org.apache.hadoop_hadoop-client-runtime-3.3.4.jar
[2024-08-21T22:26:19.170+0000] {subprocess.py:93} INFO - 24/08/21 19:26:19 INFO Executor: Fetching file:///home/spark/.ivy2/jars/org.xerial.snappy_snappy-java-1.1.10.3.jar with timestamp 1724279178339
[2024-08-21T22:26:19.172+0000] {subprocess.py:93} INFO - 24/08/21 19:26:19 INFO Utils: /home/spark/.ivy2/jars/org.xerial.snappy_snappy-java-1.1.10.3.jar has been previously copied to /tmp/spark-da4af334-712e-408a-932a-fba1cff86aa2/userFiles-8b2398e1-9190-4e02-b576-2793d3a905a6/org.xerial.snappy_snappy-java-1.1.10.3.jar
[2024-08-21T22:26:19.174+0000] {subprocess.py:93} INFO - 24/08/21 19:26:19 INFO Executor: Fetching file:///home/spark/.ivy2/jars/org.postgresql_postgresql-42.5.4.jar with timestamp 1724279178339
[2024-08-21T22:26:19.175+0000] {subprocess.py:93} INFO - 24/08/21 19:26:19 INFO Utils: /home/spark/.ivy2/jars/org.postgresql_postgresql-42.5.4.jar has been previously copied to /tmp/spark-da4af334-712e-408a-932a-fba1cff86aa2/userFiles-8b2398e1-9190-4e02-b576-2793d3a905a6/org.postgresql_postgresql-42.5.4.jar
[2024-08-21T22:26:19.176+0000] {subprocess.py:93} INFO - 24/08/21 19:26:19 INFO Executor: Fetching file:///home/spark/.ivy2/jars/org.mongodb_bson-4.8.2.jar with timestamp 1724279178339
[2024-08-21T22:26:19.177+0000] {subprocess.py:93} INFO - 24/08/21 19:26:19 INFO Utils: /home/spark/.ivy2/jars/org.mongodb_bson-4.8.2.jar has been previously copied to /tmp/spark-da4af334-712e-408a-932a-fba1cff86aa2/userFiles-8b2398e1-9190-4e02-b576-2793d3a905a6/org.mongodb_bson-4.8.2.jar
[2024-08-21T22:26:19.179+0000] {subprocess.py:93} INFO - 24/08/21 19:26:19 INFO Executor: Fetching file:///home/spark/.ivy2/jars/org.mongodb_mongodb-driver-core-4.8.2.jar with timestamp 1724279178339
[2024-08-21T22:26:19.180+0000] {subprocess.py:93} INFO - 24/08/21 19:26:19 INFO Utils: /home/spark/.ivy2/jars/org.mongodb_mongodb-driver-core-4.8.2.jar has been previously copied to /tmp/spark-da4af334-712e-408a-932a-fba1cff86aa2/userFiles-8b2398e1-9190-4e02-b576-2793d3a905a6/org.mongodb_mongodb-driver-core-4.8.2.jar
[2024-08-21T22:26:19.182+0000] {subprocess.py:93} INFO - 24/08/21 19:26:19 INFO Executor: Fetching file:///home/spark/.ivy2/jars/org.mongodb_bson-record-codec-4.8.2.jar with timestamp 1724279178339
[2024-08-21T22:26:19.182+0000] {subprocess.py:93} INFO - 24/08/21 19:26:19 INFO Utils: /home/spark/.ivy2/jars/org.mongodb_bson-record-codec-4.8.2.jar has been previously copied to /tmp/spark-da4af334-712e-408a-932a-fba1cff86aa2/userFiles-8b2398e1-9190-4e02-b576-2793d3a905a6/org.mongodb_bson-record-codec-4.8.2.jar
[2024-08-21T22:26:19.184+0000] {subprocess.py:93} INFO - 24/08/21 19:26:19 INFO Executor: Fetching file:///home/spark/.ivy2/jars/org.mongodb.spark_mongo-spark-connector_2.12-10.3.0.jar with timestamp 1724279178339
[2024-08-21T22:26:19.184+0000] {subprocess.py:93} INFO - 24/08/21 19:26:19 INFO Utils: /home/spark/.ivy2/jars/org.mongodb.spark_mongo-spark-connector_2.12-10.3.0.jar has been previously copied to /tmp/spark-da4af334-712e-408a-932a-fba1cff86aa2/userFiles-8b2398e1-9190-4e02-b576-2793d3a905a6/org.mongodb.spark_mongo-spark-connector_2.12-10.3.0.jar
[2024-08-21T22:26:19.186+0000] {subprocess.py:93} INFO - 24/08/21 19:26:19 INFO Executor: Fetching file:///home/spark/.ivy2/jars/org.apache.spark_spark-sql-kafka-0-10_2.12-3.5.0.jar with timestamp 1724279178339
[2024-08-21T22:26:19.187+0000] {subprocess.py:93} INFO - 24/08/21 19:26:19 INFO Utils: /home/spark/.ivy2/jars/org.apache.spark_spark-sql-kafka-0-10_2.12-3.5.0.jar has been previously copied to /tmp/spark-da4af334-712e-408a-932a-fba1cff86aa2/userFiles-8b2398e1-9190-4e02-b576-2793d3a905a6/org.apache.spark_spark-sql-kafka-0-10_2.12-3.5.0.jar
[2024-08-21T22:26:19.189+0000] {subprocess.py:93} INFO - 24/08/21 19:26:19 INFO Executor: Fetching file:///home/spark/.ivy2/jars/com.google.code.findbugs_jsr305-3.0.0.jar with timestamp 1724279178339
[2024-08-21T22:26:19.189+0000] {subprocess.py:93} INFO - 24/08/21 19:26:19 INFO Utils: /home/spark/.ivy2/jars/com.google.code.findbugs_jsr305-3.0.0.jar has been previously copied to /tmp/spark-da4af334-712e-408a-932a-fba1cff86aa2/userFiles-8b2398e1-9190-4e02-b576-2793d3a905a6/com.google.code.findbugs_jsr305-3.0.0.jar
[2024-08-21T22:26:19.191+0000] {subprocess.py:93} INFO - 24/08/21 19:26:19 INFO Executor: Fetching file:///home/spark/.ivy2/jars/commons-logging_commons-logging-1.1.3.jar with timestamp 1724279178339
[2024-08-21T22:26:19.191+0000] {subprocess.py:93} INFO - 24/08/21 19:26:19 INFO Utils: /home/spark/.ivy2/jars/commons-logging_commons-logging-1.1.3.jar has been previously copied to /tmp/spark-da4af334-712e-408a-932a-fba1cff86aa2/userFiles-8b2398e1-9190-4e02-b576-2793d3a905a6/commons-logging_commons-logging-1.1.3.jar
[2024-08-21T22:26:19.193+0000] {subprocess.py:93} INFO - 24/08/21 19:26:19 INFO Executor: Fetching file:///home/spark/.ivy2/jars/org.checkerframework_checker-qual-3.5.0.jar with timestamp 1724279178339
[2024-08-21T22:26:19.193+0000] {subprocess.py:93} INFO - 24/08/21 19:26:19 INFO Utils: /home/spark/.ivy2/jars/org.checkerframework_checker-qual-3.5.0.jar has been previously copied to /tmp/spark-da4af334-712e-408a-932a-fba1cff86aa2/userFiles-8b2398e1-9190-4e02-b576-2793d3a905a6/org.checkerframework_checker-qual-3.5.0.jar
[2024-08-21T22:26:19.195+0000] {subprocess.py:93} INFO - 24/08/21 19:26:19 INFO Executor: Fetching file:///home/spark/.ivy2/jars/org.lz4_lz4-java-1.8.0.jar with timestamp 1724279178339
[2024-08-21T22:26:19.196+0000] {subprocess.py:93} INFO - 24/08/21 19:26:19 INFO Utils: /home/spark/.ivy2/jars/org.lz4_lz4-java-1.8.0.jar has been previously copied to /tmp/spark-da4af334-712e-408a-932a-fba1cff86aa2/userFiles-8b2398e1-9190-4e02-b576-2793d3a905a6/org.lz4_lz4-java-1.8.0.jar
[2024-08-21T22:26:19.197+0000] {subprocess.py:93} INFO - 24/08/21 19:26:19 INFO Executor: Fetching file:///home/spark/.ivy2/jars/org.apache.kafka_kafka-clients-3.4.1.jar with timestamp 1724279178339
[2024-08-21T22:26:19.201+0000] {subprocess.py:93} INFO - 24/08/21 19:26:19 INFO Utils: /home/spark/.ivy2/jars/org.apache.kafka_kafka-clients-3.4.1.jar has been previously copied to /tmp/spark-da4af334-712e-408a-932a-fba1cff86aa2/userFiles-8b2398e1-9190-4e02-b576-2793d3a905a6/org.apache.kafka_kafka-clients-3.4.1.jar
[2024-08-21T22:26:19.202+0000] {subprocess.py:93} INFO - 24/08/21 19:26:19 INFO Executor: Fetching file:///home/spark/.ivy2/jars/org.slf4j_slf4j-api-2.0.7.jar with timestamp 1724279178339
[2024-08-21T22:26:19.203+0000] {subprocess.py:93} INFO - 24/08/21 19:26:19 INFO Utils: /home/spark/.ivy2/jars/org.slf4j_slf4j-api-2.0.7.jar has been previously copied to /tmp/spark-da4af334-712e-408a-932a-fba1cff86aa2/userFiles-8b2398e1-9190-4e02-b576-2793d3a905a6/org.slf4j_slf4j-api-2.0.7.jar
[2024-08-21T22:26:19.204+0000] {subprocess.py:93} INFO - 24/08/21 19:26:19 INFO Executor: Fetching file:///home/spark/.ivy2/jars/org.apache.spark_spark-token-provider-kafka-0-10_2.12-3.5.0.jar with timestamp 1724279178339
[2024-08-21T22:26:19.205+0000] {subprocess.py:93} INFO - 24/08/21 19:26:19 INFO Utils: /home/spark/.ivy2/jars/org.apache.spark_spark-token-provider-kafka-0-10_2.12-3.5.0.jar has been previously copied to /tmp/spark-da4af334-712e-408a-932a-fba1cff86aa2/userFiles-8b2398e1-9190-4e02-b576-2793d3a905a6/org.apache.spark_spark-token-provider-kafka-0-10_2.12-3.5.0.jar
[2024-08-21T22:26:19.207+0000] {subprocess.py:93} INFO - 24/08/21 19:26:19 INFO Executor: Fetching file:///home/spark/.ivy2/jars/org.mongodb_mongodb-driver-sync-4.8.2.jar with timestamp 1724279178339
[2024-08-21T22:26:19.207+0000] {subprocess.py:93} INFO - 24/08/21 19:26:19 INFO Utils: /home/spark/.ivy2/jars/org.mongodb_mongodb-driver-sync-4.8.2.jar has been previously copied to /tmp/spark-da4af334-712e-408a-932a-fba1cff86aa2/userFiles-8b2398e1-9190-4e02-b576-2793d3a905a6/org.mongodb_mongodb-driver-sync-4.8.2.jar
[2024-08-21T22:26:19.209+0000] {subprocess.py:93} INFO - 24/08/21 19:26:19 INFO Executor: Fetching file:///home/spark/.ivy2/jars/org.apache.commons_commons-pool2-2.11.1.jar with timestamp 1724279178339
[2024-08-21T22:26:19.209+0000] {subprocess.py:93} INFO - 24/08/21 19:26:19 INFO Utils: /home/spark/.ivy2/jars/org.apache.commons_commons-pool2-2.11.1.jar has been previously copied to /tmp/spark-da4af334-712e-408a-932a-fba1cff86aa2/userFiles-8b2398e1-9190-4e02-b576-2793d3a905a6/org.apache.commons_commons-pool2-2.11.1.jar
[2024-08-21T22:26:19.213+0000] {subprocess.py:93} INFO - 24/08/21 19:26:19 INFO Executor: Fetching spark://node-master:39221/jars/org.mongodb.spark_mongo-spark-connector_2.12-10.3.0.jar with timestamp 1724279178339
[2024-08-21T22:26:19.252+0000] {subprocess.py:93} INFO - 24/08/21 19:26:19 INFO TransportClientFactory: Successfully created connection to node-master/172.30.0.2:39221 after 27 ms (0 ms spent in bootstraps)
[2024-08-21T22:26:19.258+0000] {subprocess.py:93} INFO - 24/08/21 19:26:19 INFO Utils: Fetching spark://node-master:39221/jars/org.mongodb.spark_mongo-spark-connector_2.12-10.3.0.jar to /tmp/spark-da4af334-712e-408a-932a-fba1cff86aa2/userFiles-8b2398e1-9190-4e02-b576-2793d3a905a6/fetchFileTemp10218833115655643130.tmp
[2024-08-21T22:26:19.281+0000] {subprocess.py:93} INFO - 24/08/21 19:26:19 INFO Utils: /tmp/spark-da4af334-712e-408a-932a-fba1cff86aa2/userFiles-8b2398e1-9190-4e02-b576-2793d3a905a6/fetchFileTemp10218833115655643130.tmp has been previously copied to /tmp/spark-da4af334-712e-408a-932a-fba1cff86aa2/userFiles-8b2398e1-9190-4e02-b576-2793d3a905a6/org.mongodb.spark_mongo-spark-connector_2.12-10.3.0.jar
[2024-08-21T22:26:19.283+0000] {subprocess.py:93} INFO - 24/08/21 19:26:19 INFO Executor: Adding file:/tmp/spark-da4af334-712e-408a-932a-fba1cff86aa2/userFiles-8b2398e1-9190-4e02-b576-2793d3a905a6/org.mongodb.spark_mongo-spark-connector_2.12-10.3.0.jar to class loader default
[2024-08-21T22:26:19.284+0000] {subprocess.py:93} INFO - 24/08/21 19:26:19 INFO Executor: Fetching spark://node-master:39221/jars/org.mongodb_bson-record-codec-4.8.2.jar with timestamp 1724279178339
[2024-08-21T22:26:19.284+0000] {subprocess.py:93} INFO - 24/08/21 19:26:19 INFO Utils: Fetching spark://node-master:39221/jars/org.mongodb_bson-record-codec-4.8.2.jar to /tmp/spark-da4af334-712e-408a-932a-fba1cff86aa2/userFiles-8b2398e1-9190-4e02-b576-2793d3a905a6/fetchFileTemp10452425886864364252.tmp
[2024-08-21T22:26:19.285+0000] {subprocess.py:93} INFO - 24/08/21 19:26:19 INFO Utils: /tmp/spark-da4af334-712e-408a-932a-fba1cff86aa2/userFiles-8b2398e1-9190-4e02-b576-2793d3a905a6/fetchFileTemp10452425886864364252.tmp has been previously copied to /tmp/spark-da4af334-712e-408a-932a-fba1cff86aa2/userFiles-8b2398e1-9190-4e02-b576-2793d3a905a6/org.mongodb_bson-record-codec-4.8.2.jar
[2024-08-21T22:26:19.287+0000] {subprocess.py:93} INFO - 24/08/21 19:26:19 INFO Executor: Adding file:/tmp/spark-da4af334-712e-408a-932a-fba1cff86aa2/userFiles-8b2398e1-9190-4e02-b576-2793d3a905a6/org.mongodb_bson-record-codec-4.8.2.jar to class loader default
[2024-08-21T22:26:19.288+0000] {subprocess.py:93} INFO - 24/08/21 19:26:19 INFO Executor: Fetching spark://node-master:39221/jars/com.google.code.findbugs_jsr305-3.0.0.jar with timestamp 1724279178339
[2024-08-21T22:26:19.288+0000] {subprocess.py:93} INFO - 24/08/21 19:26:19 INFO Utils: Fetching spark://node-master:39221/jars/com.google.code.findbugs_jsr305-3.0.0.jar to /tmp/spark-da4af334-712e-408a-932a-fba1cff86aa2/userFiles-8b2398e1-9190-4e02-b576-2793d3a905a6/fetchFileTemp8775484989545097019.tmp
[2024-08-21T22:26:19.290+0000] {subprocess.py:93} INFO - 24/08/21 19:26:19 INFO Utils: /tmp/spark-da4af334-712e-408a-932a-fba1cff86aa2/userFiles-8b2398e1-9190-4e02-b576-2793d3a905a6/fetchFileTemp8775484989545097019.tmp has been previously copied to /tmp/spark-da4af334-712e-408a-932a-fba1cff86aa2/userFiles-8b2398e1-9190-4e02-b576-2793d3a905a6/com.google.code.findbugs_jsr305-3.0.0.jar
[2024-08-21T22:26:19.292+0000] {subprocess.py:93} INFO - 24/08/21 19:26:19 INFO Executor: Adding file:/tmp/spark-da4af334-712e-408a-932a-fba1cff86aa2/userFiles-8b2398e1-9190-4e02-b576-2793d3a905a6/com.google.code.findbugs_jsr305-3.0.0.jar to class loader default
[2024-08-21T22:26:19.292+0000] {subprocess.py:93} INFO - 24/08/21 19:26:19 INFO Executor: Fetching spark://node-master:39221/jars/org.apache.spark_spark-token-provider-kafka-0-10_2.12-3.5.0.jar with timestamp 1724279178339
[2024-08-21T22:26:19.293+0000] {subprocess.py:93} INFO - 24/08/21 19:26:19 INFO Utils: Fetching spark://node-master:39221/jars/org.apache.spark_spark-token-provider-kafka-0-10_2.12-3.5.0.jar to /tmp/spark-da4af334-712e-408a-932a-fba1cff86aa2/userFiles-8b2398e1-9190-4e02-b576-2793d3a905a6/fetchFileTemp6600125002173854332.tmp
[2024-08-21T22:26:19.294+0000] {subprocess.py:93} INFO - 24/08/21 19:26:19 INFO Utils: /tmp/spark-da4af334-712e-408a-932a-fba1cff86aa2/userFiles-8b2398e1-9190-4e02-b576-2793d3a905a6/fetchFileTemp6600125002173854332.tmp has been previously copied to /tmp/spark-da4af334-712e-408a-932a-fba1cff86aa2/userFiles-8b2398e1-9190-4e02-b576-2793d3a905a6/org.apache.spark_spark-token-provider-kafka-0-10_2.12-3.5.0.jar
[2024-08-21T22:26:19.296+0000] {subprocess.py:93} INFO - 24/08/21 19:26:19 INFO Executor: Adding file:/tmp/spark-da4af334-712e-408a-932a-fba1cff86aa2/userFiles-8b2398e1-9190-4e02-b576-2793d3a905a6/org.apache.spark_spark-token-provider-kafka-0-10_2.12-3.5.0.jar to class loader default
[2024-08-21T22:26:19.296+0000] {subprocess.py:93} INFO - 24/08/21 19:26:19 INFO Executor: Fetching spark://node-master:39221/jars/org.apache.hadoop_hadoop-client-api-3.3.4.jar with timestamp 1724279178339
[2024-08-21T22:26:19.296+0000] {subprocess.py:93} INFO - 24/08/21 19:26:19 INFO Utils: Fetching spark://node-master:39221/jars/org.apache.hadoop_hadoop-client-api-3.3.4.jar to /tmp/spark-da4af334-712e-408a-932a-fba1cff86aa2/userFiles-8b2398e1-9190-4e02-b576-2793d3a905a6/fetchFileTemp62043586485410547.tmp
[2024-08-21T22:26:19.360+0000] {subprocess.py:93} INFO - 24/08/21 19:26:19 INFO Utils: /tmp/spark-da4af334-712e-408a-932a-fba1cff86aa2/userFiles-8b2398e1-9190-4e02-b576-2793d3a905a6/fetchFileTemp62043586485410547.tmp has been previously copied to /tmp/spark-da4af334-712e-408a-932a-fba1cff86aa2/userFiles-8b2398e1-9190-4e02-b576-2793d3a905a6/org.apache.hadoop_hadoop-client-api-3.3.4.jar
[2024-08-21T22:26:19.364+0000] {subprocess.py:93} INFO - 24/08/21 19:26:19 INFO Executor: Adding file:/tmp/spark-da4af334-712e-408a-932a-fba1cff86aa2/userFiles-8b2398e1-9190-4e02-b576-2793d3a905a6/org.apache.hadoop_hadoop-client-api-3.3.4.jar to class loader default
[2024-08-21T22:26:19.365+0000] {subprocess.py:93} INFO - 24/08/21 19:26:19 INFO Executor: Fetching spark://node-master:39221/jars/commons-logging_commons-logging-1.1.3.jar with timestamp 1724279178339
[2024-08-21T22:26:19.365+0000] {subprocess.py:93} INFO - 24/08/21 19:26:19 INFO Utils: Fetching spark://node-master:39221/jars/commons-logging_commons-logging-1.1.3.jar to /tmp/spark-da4af334-712e-408a-932a-fba1cff86aa2/userFiles-8b2398e1-9190-4e02-b576-2793d3a905a6/fetchFileTemp16644785192844984417.tmp
[2024-08-21T22:26:19.367+0000] {subprocess.py:93} INFO - 24/08/21 19:26:19 INFO Utils: /tmp/spark-da4af334-712e-408a-932a-fba1cff86aa2/userFiles-8b2398e1-9190-4e02-b576-2793d3a905a6/fetchFileTemp16644785192844984417.tmp has been previously copied to /tmp/spark-da4af334-712e-408a-932a-fba1cff86aa2/userFiles-8b2398e1-9190-4e02-b576-2793d3a905a6/commons-logging_commons-logging-1.1.3.jar
[2024-08-21T22:26:19.368+0000] {subprocess.py:93} INFO - 24/08/21 19:26:19 INFO Executor: Adding file:/tmp/spark-da4af334-712e-408a-932a-fba1cff86aa2/userFiles-8b2398e1-9190-4e02-b576-2793d3a905a6/commons-logging_commons-logging-1.1.3.jar to class loader default
[2024-08-21T22:26:19.369+0000] {subprocess.py:93} INFO - 24/08/21 19:26:19 INFO Executor: Fetching spark://node-master:39221/jars/org.checkerframework_checker-qual-3.5.0.jar with timestamp 1724279178339
[2024-08-21T22:26:19.369+0000] {subprocess.py:93} INFO - 24/08/21 19:26:19 INFO Utils: Fetching spark://node-master:39221/jars/org.checkerframework_checker-qual-3.5.0.jar to /tmp/spark-da4af334-712e-408a-932a-fba1cff86aa2/userFiles-8b2398e1-9190-4e02-b576-2793d3a905a6/fetchFileTemp1449919103715000073.tmp
[2024-08-21T22:26:19.370+0000] {subprocess.py:93} INFO - 24/08/21 19:26:19 INFO Utils: /tmp/spark-da4af334-712e-408a-932a-fba1cff86aa2/userFiles-8b2398e1-9190-4e02-b576-2793d3a905a6/fetchFileTemp1449919103715000073.tmp has been previously copied to /tmp/spark-da4af334-712e-408a-932a-fba1cff86aa2/userFiles-8b2398e1-9190-4e02-b576-2793d3a905a6/org.checkerframework_checker-qual-3.5.0.jar
[2024-08-21T22:26:19.372+0000] {subprocess.py:93} INFO - 24/08/21 19:26:19 INFO Executor: Adding file:/tmp/spark-da4af334-712e-408a-932a-fba1cff86aa2/userFiles-8b2398e1-9190-4e02-b576-2793d3a905a6/org.checkerframework_checker-qual-3.5.0.jar to class loader default
[2024-08-21T22:26:19.372+0000] {subprocess.py:93} INFO - 24/08/21 19:26:19 INFO Executor: Fetching spark://node-master:39221/jars/org.apache.spark_spark-sql-kafka-0-10_2.12-3.5.0.jar with timestamp 1724279178339
[2024-08-21T22:26:19.373+0000] {subprocess.py:93} INFO - 24/08/21 19:26:19 INFO Utils: Fetching spark://node-master:39221/jars/org.apache.spark_spark-sql-kafka-0-10_2.12-3.5.0.jar to /tmp/spark-da4af334-712e-408a-932a-fba1cff86aa2/userFiles-8b2398e1-9190-4e02-b576-2793d3a905a6/fetchFileTemp12155139368170261502.tmp
[2024-08-21T22:26:19.375+0000] {subprocess.py:93} INFO - 24/08/21 19:26:19 INFO Utils: /tmp/spark-da4af334-712e-408a-932a-fba1cff86aa2/userFiles-8b2398e1-9190-4e02-b576-2793d3a905a6/fetchFileTemp12155139368170261502.tmp has been previously copied to /tmp/spark-da4af334-712e-408a-932a-fba1cff86aa2/userFiles-8b2398e1-9190-4e02-b576-2793d3a905a6/org.apache.spark_spark-sql-kafka-0-10_2.12-3.5.0.jar
[2024-08-21T22:26:19.376+0000] {subprocess.py:93} INFO - 24/08/21 19:26:19 INFO Executor: Adding file:/tmp/spark-da4af334-712e-408a-932a-fba1cff86aa2/userFiles-8b2398e1-9190-4e02-b576-2793d3a905a6/org.apache.spark_spark-sql-kafka-0-10_2.12-3.5.0.jar to class loader default
[2024-08-21T22:26:19.377+0000] {subprocess.py:93} INFO - 24/08/21 19:26:19 INFO Executor: Fetching spark://node-master:39221/jars/org.apache.hadoop_hadoop-client-runtime-3.3.4.jar with timestamp 1724279178339
[2024-08-21T22:26:19.377+0000] {subprocess.py:93} INFO - 24/08/21 19:26:19 INFO Utils: Fetching spark://node-master:39221/jars/org.apache.hadoop_hadoop-client-runtime-3.3.4.jar to /tmp/spark-da4af334-712e-408a-932a-fba1cff86aa2/userFiles-8b2398e1-9190-4e02-b576-2793d3a905a6/fetchFileTemp15047743047203837844.tmp
[2024-08-21T22:26:19.458+0000] {subprocess.py:93} INFO - 24/08/21 19:26:19 INFO Utils: /tmp/spark-da4af334-712e-408a-932a-fba1cff86aa2/userFiles-8b2398e1-9190-4e02-b576-2793d3a905a6/fetchFileTemp15047743047203837844.tmp has been previously copied to /tmp/spark-da4af334-712e-408a-932a-fba1cff86aa2/userFiles-8b2398e1-9190-4e02-b576-2793d3a905a6/org.apache.hadoop_hadoop-client-runtime-3.3.4.jar
[2024-08-21T22:26:19.464+0000] {subprocess.py:93} INFO - 24/08/21 19:26:19 INFO Executor: Adding file:/tmp/spark-da4af334-712e-408a-932a-fba1cff86aa2/userFiles-8b2398e1-9190-4e02-b576-2793d3a905a6/org.apache.hadoop_hadoop-client-runtime-3.3.4.jar to class loader default
[2024-08-21T22:26:19.464+0000] {subprocess.py:93} INFO - 24/08/21 19:26:19 INFO Executor: Fetching spark://node-master:39221/jars/org.slf4j_slf4j-api-2.0.7.jar with timestamp 1724279178339
[2024-08-21T22:26:19.465+0000] {subprocess.py:93} INFO - 24/08/21 19:26:19 INFO Utils: Fetching spark://node-master:39221/jars/org.slf4j_slf4j-api-2.0.7.jar to /tmp/spark-da4af334-712e-408a-932a-fba1cff86aa2/userFiles-8b2398e1-9190-4e02-b576-2793d3a905a6/fetchFileTemp16139605329017497444.tmp
[2024-08-21T22:26:19.466+0000] {subprocess.py:93} INFO - 24/08/21 19:26:19 INFO Utils: /tmp/spark-da4af334-712e-408a-932a-fba1cff86aa2/userFiles-8b2398e1-9190-4e02-b576-2793d3a905a6/fetchFileTemp16139605329017497444.tmp has been previously copied to /tmp/spark-da4af334-712e-408a-932a-fba1cff86aa2/userFiles-8b2398e1-9190-4e02-b576-2793d3a905a6/org.slf4j_slf4j-api-2.0.7.jar
[2024-08-21T22:26:19.468+0000] {subprocess.py:93} INFO - 24/08/21 19:26:19 INFO Executor: Adding file:/tmp/spark-da4af334-712e-408a-932a-fba1cff86aa2/userFiles-8b2398e1-9190-4e02-b576-2793d3a905a6/org.slf4j_slf4j-api-2.0.7.jar to class loader default
[2024-08-21T22:26:19.468+0000] {subprocess.py:93} INFO - 24/08/21 19:26:19 INFO Executor: Fetching spark://node-master:39221/jars/org.apache.kafka_kafka-clients-3.4.1.jar with timestamp 1724279178339
[2024-08-21T22:26:19.469+0000] {subprocess.py:93} INFO - 24/08/21 19:26:19 INFO Utils: Fetching spark://node-master:39221/jars/org.apache.kafka_kafka-clients-3.4.1.jar to /tmp/spark-da4af334-712e-408a-932a-fba1cff86aa2/userFiles-8b2398e1-9190-4e02-b576-2793d3a905a6/fetchFileTemp13935434203681390428.tmp
[2024-08-21T22:26:19.480+0000] {subprocess.py:93} INFO - 24/08/21 19:26:19 INFO Utils: /tmp/spark-da4af334-712e-408a-932a-fba1cff86aa2/userFiles-8b2398e1-9190-4e02-b576-2793d3a905a6/fetchFileTemp13935434203681390428.tmp has been previously copied to /tmp/spark-da4af334-712e-408a-932a-fba1cff86aa2/userFiles-8b2398e1-9190-4e02-b576-2793d3a905a6/org.apache.kafka_kafka-clients-3.4.1.jar
[2024-08-21T22:26:19.482+0000] {subprocess.py:93} INFO - 24/08/21 19:26:19 INFO Executor: Adding file:/tmp/spark-da4af334-712e-408a-932a-fba1cff86aa2/userFiles-8b2398e1-9190-4e02-b576-2793d3a905a6/org.apache.kafka_kafka-clients-3.4.1.jar to class loader default
[2024-08-21T22:26:19.483+0000] {subprocess.py:93} INFO - 24/08/21 19:26:19 INFO Executor: Fetching spark://node-master:39221/jars/org.postgresql_postgresql-42.5.4.jar with timestamp 1724279178339
[2024-08-21T22:26:19.483+0000] {subprocess.py:93} INFO - 24/08/21 19:26:19 INFO Utils: Fetching spark://node-master:39221/jars/org.postgresql_postgresql-42.5.4.jar to /tmp/spark-da4af334-712e-408a-932a-fba1cff86aa2/userFiles-8b2398e1-9190-4e02-b576-2793d3a905a6/fetchFileTemp16916048290543736695.tmp
[2024-08-21T22:26:19.487+0000] {subprocess.py:93} INFO - 24/08/21 19:26:19 INFO Utils: /tmp/spark-da4af334-712e-408a-932a-fba1cff86aa2/userFiles-8b2398e1-9190-4e02-b576-2793d3a905a6/fetchFileTemp16916048290543736695.tmp has been previously copied to /tmp/spark-da4af334-712e-408a-932a-fba1cff86aa2/userFiles-8b2398e1-9190-4e02-b576-2793d3a905a6/org.postgresql_postgresql-42.5.4.jar
[2024-08-21T22:26:19.489+0000] {subprocess.py:93} INFO - 24/08/21 19:26:19 INFO Executor: Adding file:/tmp/spark-da4af334-712e-408a-932a-fba1cff86aa2/userFiles-8b2398e1-9190-4e02-b576-2793d3a905a6/org.postgresql_postgresql-42.5.4.jar to class loader default
[2024-08-21T22:26:19.489+0000] {subprocess.py:93} INFO - 24/08/21 19:26:19 INFO Executor: Fetching spark://node-master:39221/jars/org.mongodb_mongodb-driver-sync-4.8.2.jar with timestamp 1724279178339
[2024-08-21T22:26:19.490+0000] {subprocess.py:93} INFO - 24/08/21 19:26:19 INFO Utils: Fetching spark://node-master:39221/jars/org.mongodb_mongodb-driver-sync-4.8.2.jar to /tmp/spark-da4af334-712e-408a-932a-fba1cff86aa2/userFiles-8b2398e1-9190-4e02-b576-2793d3a905a6/fetchFileTemp10598582929186960797.tmp
[2024-08-21T22:26:19.491+0000] {subprocess.py:93} INFO - 24/08/21 19:26:19 INFO Utils: /tmp/spark-da4af334-712e-408a-932a-fba1cff86aa2/userFiles-8b2398e1-9190-4e02-b576-2793d3a905a6/fetchFileTemp10598582929186960797.tmp has been previously copied to /tmp/spark-da4af334-712e-408a-932a-fba1cff86aa2/userFiles-8b2398e1-9190-4e02-b576-2793d3a905a6/org.mongodb_mongodb-driver-sync-4.8.2.jar
[2024-08-21T22:26:19.493+0000] {subprocess.py:93} INFO - 24/08/21 19:26:19 INFO Executor: Adding file:/tmp/spark-da4af334-712e-408a-932a-fba1cff86aa2/userFiles-8b2398e1-9190-4e02-b576-2793d3a905a6/org.mongodb_mongodb-driver-sync-4.8.2.jar to class loader default
[2024-08-21T22:26:19.493+0000] {subprocess.py:93} INFO - 24/08/21 19:26:19 INFO Executor: Fetching spark://node-master:39221/jars/org.lz4_lz4-java-1.8.0.jar with timestamp 1724279178339
[2024-08-21T22:26:19.493+0000] {subprocess.py:93} INFO - 24/08/21 19:26:19 INFO Utils: Fetching spark://node-master:39221/jars/org.lz4_lz4-java-1.8.0.jar to /tmp/spark-da4af334-712e-408a-932a-fba1cff86aa2/userFiles-8b2398e1-9190-4e02-b576-2793d3a905a6/fetchFileTemp1698488023517955806.tmp
[2024-08-21T22:26:19.496+0000] {subprocess.py:93} INFO - 24/08/21 19:26:19 INFO Utils: /tmp/spark-da4af334-712e-408a-932a-fba1cff86aa2/userFiles-8b2398e1-9190-4e02-b576-2793d3a905a6/fetchFileTemp1698488023517955806.tmp has been previously copied to /tmp/spark-da4af334-712e-408a-932a-fba1cff86aa2/userFiles-8b2398e1-9190-4e02-b576-2793d3a905a6/org.lz4_lz4-java-1.8.0.jar
[2024-08-21T22:26:19.498+0000] {subprocess.py:93} INFO - 24/08/21 19:26:19 INFO Executor: Adding file:/tmp/spark-da4af334-712e-408a-932a-fba1cff86aa2/userFiles-8b2398e1-9190-4e02-b576-2793d3a905a6/org.lz4_lz4-java-1.8.0.jar to class loader default
[2024-08-21T22:26:19.498+0000] {subprocess.py:93} INFO - 24/08/21 19:26:19 INFO Executor: Fetching spark://node-master:39221/jars/org.mongodb_mongodb-driver-core-4.8.2.jar with timestamp 1724279178339
[2024-08-21T22:26:19.498+0000] {subprocess.py:93} INFO - 24/08/21 19:26:19 INFO Utils: Fetching spark://node-master:39221/jars/org.mongodb_mongodb-driver-core-4.8.2.jar to /tmp/spark-da4af334-712e-408a-932a-fba1cff86aa2/userFiles-8b2398e1-9190-4e02-b576-2793d3a905a6/fetchFileTemp619119985408529757.tmp
[2024-08-21T22:26:19.502+0000] {subprocess.py:93} INFO - 24/08/21 19:26:19 INFO Utils: /tmp/spark-da4af334-712e-408a-932a-fba1cff86aa2/userFiles-8b2398e1-9190-4e02-b576-2793d3a905a6/fetchFileTemp619119985408529757.tmp has been previously copied to /tmp/spark-da4af334-712e-408a-932a-fba1cff86aa2/userFiles-8b2398e1-9190-4e02-b576-2793d3a905a6/org.mongodb_mongodb-driver-core-4.8.2.jar
[2024-08-21T22:26:19.504+0000] {subprocess.py:93} INFO - 24/08/21 19:26:19 INFO Executor: Adding file:/tmp/spark-da4af334-712e-408a-932a-fba1cff86aa2/userFiles-8b2398e1-9190-4e02-b576-2793d3a905a6/org.mongodb_mongodb-driver-core-4.8.2.jar to class loader default
[2024-08-21T22:26:19.504+0000] {subprocess.py:93} INFO - 24/08/21 19:26:19 INFO Executor: Fetching spark://node-master:39221/jars/org.apache.commons_commons-pool2-2.11.1.jar with timestamp 1724279178339
[2024-08-21T22:26:19.505+0000] {subprocess.py:93} INFO - 24/08/21 19:26:19 INFO Utils: Fetching spark://node-master:39221/jars/org.apache.commons_commons-pool2-2.11.1.jar to /tmp/spark-da4af334-712e-408a-932a-fba1cff86aa2/userFiles-8b2398e1-9190-4e02-b576-2793d3a905a6/fetchFileTemp7664176254162794414.tmp
[2024-08-21T22:26:19.506+0000] {subprocess.py:93} INFO - 24/08/21 19:26:19 INFO Utils: /tmp/spark-da4af334-712e-408a-932a-fba1cff86aa2/userFiles-8b2398e1-9190-4e02-b576-2793d3a905a6/fetchFileTemp7664176254162794414.tmp has been previously copied to /tmp/spark-da4af334-712e-408a-932a-fba1cff86aa2/userFiles-8b2398e1-9190-4e02-b576-2793d3a905a6/org.apache.commons_commons-pool2-2.11.1.jar
[2024-08-21T22:26:19.508+0000] {subprocess.py:93} INFO - 24/08/21 19:26:19 INFO Executor: Adding file:/tmp/spark-da4af334-712e-408a-932a-fba1cff86aa2/userFiles-8b2398e1-9190-4e02-b576-2793d3a905a6/org.apache.commons_commons-pool2-2.11.1.jar to class loader default
[2024-08-21T22:26:19.508+0000] {subprocess.py:93} INFO - 24/08/21 19:26:19 INFO Executor: Fetching spark://node-master:39221/jars/org.xerial.snappy_snappy-java-1.1.10.3.jar with timestamp 1724279178339
[2024-08-21T22:26:19.509+0000] {subprocess.py:93} INFO - 24/08/21 19:26:19 INFO Utils: Fetching spark://node-master:39221/jars/org.xerial.snappy_snappy-java-1.1.10.3.jar to /tmp/spark-da4af334-712e-408a-932a-fba1cff86aa2/userFiles-8b2398e1-9190-4e02-b576-2793d3a905a6/fetchFileTemp9035654520825888410.tmp
[2024-08-21T22:26:19.514+0000] {subprocess.py:93} INFO - 24/08/21 19:26:19 INFO Utils: /tmp/spark-da4af334-712e-408a-932a-fba1cff86aa2/userFiles-8b2398e1-9190-4e02-b576-2793d3a905a6/fetchFileTemp9035654520825888410.tmp has been previously copied to /tmp/spark-da4af334-712e-408a-932a-fba1cff86aa2/userFiles-8b2398e1-9190-4e02-b576-2793d3a905a6/org.xerial.snappy_snappy-java-1.1.10.3.jar
[2024-08-21T22:26:19.517+0000] {subprocess.py:93} INFO - 24/08/21 19:26:19 INFO Executor: Adding file:/tmp/spark-da4af334-712e-408a-932a-fba1cff86aa2/userFiles-8b2398e1-9190-4e02-b576-2793d3a905a6/org.xerial.snappy_snappy-java-1.1.10.3.jar to class loader default
[2024-08-21T22:26:19.517+0000] {subprocess.py:93} INFO - 24/08/21 19:26:19 INFO Executor: Fetching spark://node-master:39221/jars/org.mongodb_bson-4.8.2.jar with timestamp 1724279178339
[2024-08-21T22:26:19.517+0000] {subprocess.py:93} INFO - 24/08/21 19:26:19 INFO Utils: Fetching spark://node-master:39221/jars/org.mongodb_bson-4.8.2.jar to /tmp/spark-da4af334-712e-408a-932a-fba1cff86aa2/userFiles-8b2398e1-9190-4e02-b576-2793d3a905a6/fetchFileTemp1452047774167414205.tmp
[2024-08-21T22:26:19.519+0000] {subprocess.py:93} INFO - 24/08/21 19:26:19 INFO Utils: /tmp/spark-da4af334-712e-408a-932a-fba1cff86aa2/userFiles-8b2398e1-9190-4e02-b576-2793d3a905a6/fetchFileTemp1452047774167414205.tmp has been previously copied to /tmp/spark-da4af334-712e-408a-932a-fba1cff86aa2/userFiles-8b2398e1-9190-4e02-b576-2793d3a905a6/org.mongodb_bson-4.8.2.jar
[2024-08-21T22:26:19.521+0000] {subprocess.py:93} INFO - 24/08/21 19:26:19 INFO Executor: Adding file:/tmp/spark-da4af334-712e-408a-932a-fba1cff86aa2/userFiles-8b2398e1-9190-4e02-b576-2793d3a905a6/org.mongodb_bson-4.8.2.jar to class loader default
[2024-08-21T22:26:19.532+0000] {subprocess.py:93} INFO - 24/08/21 19:26:19 INFO Utils: Successfully started service 'org.apache.spark.network.netty.NettyBlockTransferService' on port 43673.
[2024-08-21T22:26:19.533+0000] {subprocess.py:93} INFO - 24/08/21 19:26:19 INFO NettyBlockTransferService: Server created on node-master 0.0.0.0:43673
[2024-08-21T22:26:19.535+0000] {subprocess.py:93} INFO - 24/08/21 19:26:19 INFO BlockManager: Using org.apache.spark.storage.RandomBlockReplicationPolicy for block replication policy
[2024-08-21T22:26:19.542+0000] {subprocess.py:93} INFO - 24/08/21 19:26:19 INFO BlockManagerMaster: Registering BlockManager BlockManagerId(driver, node-master, 43673, None)
[2024-08-21T22:26:19.545+0000] {subprocess.py:93} INFO - 24/08/21 19:26:19 INFO BlockManagerMasterEndpoint: Registering block manager node-master:43673 with 434.4 MiB RAM, BlockManagerId(driver, node-master, 43673, None)
[2024-08-21T22:26:19.547+0000] {subprocess.py:93} INFO - 24/08/21 19:26:19 INFO BlockManagerMaster: Registered BlockManager BlockManagerId(driver, node-master, 43673, None)
[2024-08-21T22:26:19.548+0000] {subprocess.py:93} INFO - 24/08/21 19:26:19 INFO BlockManager: Initialized BlockManager: BlockManagerId(driver, node-master, 43673, None)
[2024-08-21T22:26:20.079+0000] {subprocess.py:93} INFO - 24/08/21 19:26:20 INFO SingleEventLogFileWriter: Logging events to hdfs://node-master:9000/spark-logs/local-1724279179061.inprogress
[2024-08-21T22:26:20.569+0000] {subprocess.py:93} INFO - 2024-08-21 19:26:20,569:INFO:Spark session created successfully
[2024-08-21T22:26:20.570+0000] {subprocess.py:93} INFO - Traceback (most recent call last):
[2024-08-21T22:26:20.570+0000] {subprocess.py:93} INFO -   File "/home/spark/src/spark/stream_to_postgres.py", line 149, in <module>
[2024-08-21T22:26:20.570+0000] {subprocess.py:93} INFO -     write_to_postgres()
[2024-08-21T22:26:20.570+0000] {subprocess.py:93} INFO -   File "/home/spark/src/spark/stream_to_postgres.py", line 143, in write_to_postgres
[2024-08-21T22:26:20.570+0000] {subprocess.py:93} INFO -     schema = load_schema(DB_SCHEMA_PATH)
[2024-08-21T22:26:20.571+0000] {subprocess.py:93} INFO -   File "/home/spark/src/spark/stream_to_postgres.py", line 47, in load_schema
[2024-08-21T22:26:20.571+0000] {subprocess.py:93} INFO -     with open(schema_file, 'r') as file:
[2024-08-21T22:26:20.571+0000] {subprocess.py:93} INFO - FileNotFoundError: [Errno 2] No such file or directory: 'db_schema/schema.json'
[2024-08-21T22:26:20.571+0000] {subprocess.py:93} INFO - 2024-08-21 19:26:20,569:INFO:Closing down clientserver connection
[2024-08-21T22:26:20.608+0000] {subprocess.py:93} INFO - 24/08/21 19:26:20 INFO SparkContext: Invoking stop() from shutdown hook
[2024-08-21T22:26:20.608+0000] {subprocess.py:93} INFO - 24/08/21 19:26:20 INFO SparkContext: SparkContext is stopping with exitCode 0.
[2024-08-21T22:26:20.617+0000] {subprocess.py:93} INFO - 24/08/21 19:26:20 INFO SparkUI: Stopped Spark web UI at http://node-master:4040
[2024-08-21T22:26:20.646+0000] {subprocess.py:93} INFO - 24/08/21 19:26:20 INFO MapOutputTrackerMasterEndpoint: MapOutputTrackerMasterEndpoint stopped!
[2024-08-21T22:26:20.663+0000] {subprocess.py:93} INFO - 24/08/21 19:26:20 INFO MemoryStore: MemoryStore cleared
[2024-08-21T22:26:20.664+0000] {subprocess.py:93} INFO - 24/08/21 19:26:20 INFO BlockManager: BlockManager stopped
[2024-08-21T22:26:20.682+0000] {subprocess.py:93} INFO - 24/08/21 19:26:20 INFO BlockManagerMaster: BlockManagerMaster stopped
[2024-08-21T22:26:20.685+0000] {subprocess.py:93} INFO - 24/08/21 19:26:20 INFO OutputCommitCoordinator$OutputCommitCoordinatorEndpoint: OutputCommitCoordinator stopped!
[2024-08-21T22:26:20.707+0000] {subprocess.py:93} INFO - 24/08/21 19:26:20 INFO SparkContext: Successfully stopped SparkContext
[2024-08-21T22:26:20.707+0000] {subprocess.py:93} INFO - 24/08/21 19:26:20 INFO ShutdownHookManager: Shutdown hook called
[2024-08-21T22:26:20.708+0000] {subprocess.py:93} INFO - 24/08/21 19:26:20 INFO ShutdownHookManager: Deleting directory /tmp/spark-da4af334-712e-408a-932a-fba1cff86aa2
[2024-08-21T22:26:20.711+0000] {subprocess.py:93} INFO - 24/08/21 19:26:20 INFO ShutdownHookManager: Deleting directory /tmp/spark-14399d5c-c046-49d8-a3a8-081c203ffd04
[2024-08-21T22:26:20.714+0000] {subprocess.py:93} INFO - 24/08/21 19:26:20 INFO ShutdownHookManager: Deleting directory /tmp/spark-da4af334-712e-408a-932a-fba1cff86aa2/pyspark-015a4cd9-9aae-4b28-9a9a-a7b4bd6c7619
[2024-08-21T22:26:20.757+0000] {subprocess.py:97} INFO - Command exited with return code 1
[2024-08-21T22:26:20.765+0000] {taskinstance.py:3301} ERROR - Task failed with exception
Traceback (most recent call last):
  File "/home/airflow/.local/lib/python3.12/site-packages/airflow/models/taskinstance.py", line 767, in _execute_task
    result = _execute_callable(context=context, **execute_callable_kwargs)
             ^^^^^^^^^^^^^^^^^^^^^^^^^^^^^^^^^^^^^^^^^^^^^^^^^^^^^^^^^^^^^
  File "/home/airflow/.local/lib/python3.12/site-packages/airflow/models/taskinstance.py", line 733, in _execute_callable
    return ExecutionCallableRunner(
           ^^^^^^^^^^^^^^^^^^^^^^^^
  File "/home/airflow/.local/lib/python3.12/site-packages/airflow/utils/operator_helpers.py", line 252, in run
    return self.func(*args, **kwargs)
           ^^^^^^^^^^^^^^^^^^^^^^^^^^
  File "/home/airflow/.local/lib/python3.12/site-packages/airflow/models/baseoperator.py", line 406, in wrapper
    return func(self, *args, **kwargs)
           ^^^^^^^^^^^^^^^^^^^^^^^^^^^
  File "/home/airflow/.local/lib/python3.12/site-packages/airflow/operators/bash.py", line 249, in execute
    raise AirflowException(
airflow.exceptions.AirflowException: Bash command failed. The command returned a non-zero exit code 1.
[2024-08-21T22:26:20.771+0000] {logging_mixin.py:190} INFO - Task instance in failure state
[2024-08-21T22:26:20.771+0000] {logging_mixin.py:190} INFO - Task start:2024-08-21 22:26:09.802001+00:00 end:2024-08-21 22:26:20.771130+00:00 duration:10.969129
[2024-08-21T22:26:20.772+0000] {logging_mixin.py:190} INFO - Task:<Task(BashOperator): stream_to_postgres> dag:<DAG: docker_spark_tasks> dagrun:<DagRun docker_spark_tasks @ 2024-08-21 22:12:10.549926+00:00: manual__2024-08-21T22:12:10.549926+00:00, state:running, queued_at: 2024-08-21 22:12:10.566226+00:00. externally triggered: True>
[2024-08-21T22:26:20.772+0000] {logging_mixin.py:190} INFO - Failure caused by Bash command failed. The command returned a non-zero exit code 1.
[2024-08-21T22:26:20.772+0000] {taskinstance.py:1225} INFO - Marking task as UP_FOR_RETRY. dag_id=docker_spark_tasks, task_id=stream_to_postgres, run_id=manual__2024-08-21T22:12:10.549926+00:00, execution_date=20240821T221210, start_date=20240821T222609, end_date=20240821T222620
[2024-08-21T22:26:20.784+0000] {taskinstance.py:340} INFO - ::group::Post task execution logs
[2024-08-21T22:26:20.785+0000] {standard_task_runner.py:124} ERROR - Failed to execute job 44 for task stream_to_postgres (Bash command failed. The command returned a non-zero exit code 1.; 652)
Traceback (most recent call last):
  File "/home/airflow/.local/lib/python3.12/site-packages/airflow/task/task_runner/standard_task_runner.py", line 117, in _start_by_fork
    ret = args.func(args, dag=self.dag)
          ^^^^^^^^^^^^^^^^^^^^^^^^^^^^^
  File "/home/airflow/.local/lib/python3.12/site-packages/airflow/cli/cli_config.py", line 49, in command
    return func(*args, **kwargs)
           ^^^^^^^^^^^^^^^^^^^^^
  File "/home/airflow/.local/lib/python3.12/site-packages/airflow/utils/cli.py", line 115, in wrapper
    return f(*args, **kwargs)
           ^^^^^^^^^^^^^^^^^^
  File "/home/airflow/.local/lib/python3.12/site-packages/airflow/cli/commands/task_command.py", line 483, in task_run
    task_return_code = _run_task_by_selected_method(args, _dag, ti)
                       ^^^^^^^^^^^^^^^^^^^^^^^^^^^^^^^^^^^^^^^^^^^^
  File "/home/airflow/.local/lib/python3.12/site-packages/airflow/cli/commands/task_command.py", line 256, in _run_task_by_selected_method
    return _run_raw_task(args, ti)
           ^^^^^^^^^^^^^^^^^^^^^^^
  File "/home/airflow/.local/lib/python3.12/site-packages/airflow/cli/commands/task_command.py", line 341, in _run_raw_task
    return ti._run_raw_task(
           ^^^^^^^^^^^^^^^^^
  File "/home/airflow/.local/lib/python3.12/site-packages/airflow/utils/session.py", line 97, in wrapper
    return func(*args, session=session, **kwargs)
           ^^^^^^^^^^^^^^^^^^^^^^^^^^^^^^^^^^^^^^
  File "/home/airflow/.local/lib/python3.12/site-packages/airflow/models/taskinstance.py", line 2995, in _run_raw_task
    return _run_raw_task(
           ^^^^^^^^^^^^^^
  File "/home/airflow/.local/lib/python3.12/site-packages/airflow/models/taskinstance.py", line 273, in _run_raw_task
    TaskInstance._execute_task_with_callbacks(
  File "/home/airflow/.local/lib/python3.12/site-packages/airflow/models/taskinstance.py", line 3149, in _execute_task_with_callbacks
    result = self._execute_task(context, task_orig)
             ^^^^^^^^^^^^^^^^^^^^^^^^^^^^^^^^^^^^^^
  File "/home/airflow/.local/lib/python3.12/site-packages/airflow/models/taskinstance.py", line 3173, in _execute_task
    return _execute_task(self, context, task_orig)
           ^^^^^^^^^^^^^^^^^^^^^^^^^^^^^^^^^^^^^^^
  File "/home/airflow/.local/lib/python3.12/site-packages/airflow/models/taskinstance.py", line 767, in _execute_task
    result = _execute_callable(context=context, **execute_callable_kwargs)
             ^^^^^^^^^^^^^^^^^^^^^^^^^^^^^^^^^^^^^^^^^^^^^^^^^^^^^^^^^^^^^
  File "/home/airflow/.local/lib/python3.12/site-packages/airflow/models/taskinstance.py", line 733, in _execute_callable
    return ExecutionCallableRunner(
           ^^^^^^^^^^^^^^^^^^^^^^^^
  File "/home/airflow/.local/lib/python3.12/site-packages/airflow/utils/operator_helpers.py", line 252, in run
    return self.func(*args, **kwargs)
           ^^^^^^^^^^^^^^^^^^^^^^^^^^
  File "/home/airflow/.local/lib/python3.12/site-packages/airflow/models/baseoperator.py", line 406, in wrapper
    return func(self, *args, **kwargs)
           ^^^^^^^^^^^^^^^^^^^^^^^^^^^
  File "/home/airflow/.local/lib/python3.12/site-packages/airflow/operators/bash.py", line 249, in execute
    raise AirflowException(
airflow.exceptions.AirflowException: Bash command failed. The command returned a non-zero exit code 1.
[2024-08-21T22:26:20.824+0000] {local_task_job_runner.py:261} INFO - Task exited with return code 1
[2024-08-21T22:26:20.841+0000] {taskinstance.py:3891} INFO - 0 downstream tasks scheduled from follow-on schedule check
[2024-08-21T22:26:20.841+0000] {local_task_job_runner.py:240} INFO - ::endgroup::
