[2024-08-21T22:18:19.166+0000] {local_task_job_runner.py:123} INFO - ::group::Pre task execution logs
[2024-08-21T22:18:19.178+0000] {taskinstance.py:2603} INFO - Dependencies all met for dep_context=non-requeueable deps ti=<TaskInstance: docker_spark_tasks.stream_to_postgres manual__2024-08-21T22:12:10.549926+00:00 [queued]>
[2024-08-21T22:18:19.184+0000] {taskinstance.py:2603} INFO - Dependencies all met for dep_context=requeueable deps ti=<TaskInstance: docker_spark_tasks.stream_to_postgres manual__2024-08-21T22:12:10.549926+00:00 [queued]>
[2024-08-21T22:18:19.184+0000] {taskinstance.py:2856} INFO - Starting attempt 5 of 6
[2024-08-21T22:18:19.194+0000] {taskinstance.py:2879} INFO - Executing <Task(BashOperator): stream_to_postgres> on 2024-08-21 22:12:10.549926+00:00
[2024-08-21T22:18:19.199+0000] {warnings.py:112} WARNING - /home/***/.local/lib/python3.12/site-packages/***/task/task_runner/standard_task_runner.py:70: DeprecationWarning: This process (pid=472) is multi-threaded, use of fork() may lead to deadlocks in the child.
  pid = os.fork()

[2024-08-21T22:18:19.200+0000] {standard_task_runner.py:72} INFO - Started process 474 to run task
[2024-08-21T22:18:19.201+0000] {standard_task_runner.py:104} INFO - Running: ['***', 'tasks', 'run', 'docker_spark_tasks', 'stream_to_postgres', 'manual__2024-08-21T22:12:10.549926+00:00', '--job-id', '39', '--raw', '--subdir', 'DAGS_FOLDER/pipeline.py', '--cfg-path', '/tmp/tmpt_hhukz_']
[2024-08-21T22:18:19.201+0000] {standard_task_runner.py:105} INFO - Job 39: Subtask stream_to_postgres
[2024-08-21T22:18:19.228+0000] {task_command.py:467} INFO - Running <TaskInstance: docker_spark_tasks.stream_to_postgres manual__2024-08-21T22:12:10.549926+00:00 [running]> on host 2b775d69f181
[2024-08-21T22:18:19.276+0000] {taskinstance.py:3122} INFO - Exporting env vars: AIRFLOW_CTX_DAG_OWNER='***' AIRFLOW_CTX_DAG_ID='docker_spark_tasks' AIRFLOW_CTX_TASK_ID='stream_to_postgres' AIRFLOW_CTX_EXECUTION_DATE='2024-08-21T22:12:10.549926+00:00' AIRFLOW_CTX_TRY_NUMBER='5' AIRFLOW_CTX_DAG_RUN_ID='manual__2024-08-21T22:12:10.549926+00:00'
[2024-08-21T22:18:19.277+0000] {logging_mixin.py:190} INFO - Task instance is in running state
[2024-08-21T22:18:19.277+0000] {logging_mixin.py:190} INFO -  Previous state of the Task instance: queued
[2024-08-21T22:18:19.277+0000] {logging_mixin.py:190} INFO - Current task name:stream_to_postgres state:running start_date:2024-08-21 22:18:19.179094+00:00
[2024-08-21T22:18:19.277+0000] {logging_mixin.py:190} INFO - Dag name:docker_spark_tasks and current dag run status:running
[2024-08-21T22:18:19.277+0000] {taskinstance.py:731} INFO - ::endgroup::
[2024-08-21T22:18:19.278+0000] {subprocess.py:63} INFO - Tmp dir root location: /tmp
[2024-08-21T22:18:19.278+0000] {subprocess.py:75} INFO - Running command: ['/usr/bin/bash', '-c', 'docker exec node-master /bin/bash && ls']
[2024-08-21T22:18:19.287+0000] {subprocess.py:86} INFO - Output:
[2024-08-21T22:18:19.367+0000] {subprocess.py:97} INFO - Command exited with return code 0
[2024-08-21T22:18:19.382+0000] {taskinstance.py:340} INFO - ::group::Post task execution logs
[2024-08-21T22:18:19.382+0000] {taskinstance.py:352} INFO - Marking task as SUCCESS. dag_id=docker_spark_tasks, task_id=stream_to_postgres, run_id=manual__2024-08-21T22:12:10.549926+00:00, execution_date=20240821T221210, start_date=20240821T221819, end_date=20240821T221819
[2024-08-21T22:18:19.387+0000] {logging_mixin.py:190} INFO - Task instance in success state
[2024-08-21T22:18:19.387+0000] {logging_mixin.py:190} INFO -  Previous state of the Task instance: running
[2024-08-21T22:18:19.388+0000] {logging_mixin.py:190} INFO - Dag name:docker_spark_tasks queued_at:2024-08-21 22:12:10.566226+00:00
[2024-08-21T22:18:19.388+0000] {logging_mixin.py:190} INFO - Task hostname:2b775d69f181 operator:BashOperator
[2024-08-21T22:18:19.414+0000] {local_task_job_runner.py:261} INFO - Task exited with return code 0
[2024-08-21T22:18:19.468+0000] {taskinstance.py:3891} INFO - 1 downstream tasks scheduled from follow-on schedule check
[2024-08-21T22:18:19.469+0000] {local_task_job_runner.py:240} INFO - ::endgroup::
