[2024-08-21T21:42:20.063+0000] {local_task_job_runner.py:123} INFO - ::group::Pre task execution logs
[2024-08-21T21:42:20.078+0000] {taskinstance.py:2603} INFO - Dependencies all met for dep_context=non-requeueable deps ti=<TaskInstance: docker_spark_tasks.kafka_stream manual__2024-08-21T21:42:16.253919+00:00 [queued]>
[2024-08-21T21:42:20.085+0000] {taskinstance.py:2603} INFO - Dependencies all met for dep_context=requeueable deps ti=<TaskInstance: docker_spark_tasks.kafka_stream manual__2024-08-21T21:42:16.253919+00:00 [queued]>
[2024-08-21T21:42:20.085+0000] {taskinstance.py:2856} INFO - Starting attempt 1 of 2
[2024-08-21T21:42:20.095+0000] {taskinstance.py:2879} INFO - Executing <Task(BashOperator): kafka_stream> on 2024-08-21 21:42:16.253919+00:00
[2024-08-21T21:42:20.102+0000] {warnings.py:112} WARNING - /home/***/.local/lib/python3.12/site-packages/***/task/task_runner/standard_task_runner.py:70: DeprecationWarning: This process (pid=74) is multi-threaded, use of fork() may lead to deadlocks in the child.
  pid = os.fork()

[2024-08-21T21:42:20.103+0000] {standard_task_runner.py:72} INFO - Started process 76 to run task
[2024-08-21T21:42:20.103+0000] {standard_task_runner.py:104} INFO - Running: ['***', 'tasks', 'run', 'docker_spark_tasks', 'kafka_stream', 'manual__2024-08-21T21:42:16.253919+00:00', '--job-id', '7', '--raw', '--subdir', 'DAGS_FOLDER/pipeline.py', '--cfg-path', '/tmp/tmp_t92655p']
[2024-08-21T21:42:20.104+0000] {standard_task_runner.py:105} INFO - Job 7: Subtask kafka_stream
[2024-08-21T21:42:20.143+0000] {task_command.py:467} INFO - Running <TaskInstance: docker_spark_tasks.kafka_stream manual__2024-08-21T21:42:16.253919+00:00 [running]> on host ef4b9e98cc8c
[2024-08-21T21:42:20.233+0000] {taskinstance.py:3122} INFO - Exporting env vars: AIRFLOW_CTX_DAG_OWNER='***' AIRFLOW_CTX_DAG_ID='docker_spark_tasks' AIRFLOW_CTX_TASK_ID='kafka_stream' AIRFLOW_CTX_EXECUTION_DATE='2024-08-21T21:42:16.253919+00:00' AIRFLOW_CTX_TRY_NUMBER='1' AIRFLOW_CTX_DAG_RUN_ID='manual__2024-08-21T21:42:16.253919+00:00'
[2024-08-21T21:42:20.234+0000] {logging_mixin.py:190} INFO - Task instance is in running state
[2024-08-21T21:42:20.235+0000] {logging_mixin.py:190} INFO -  Previous state of the Task instance: queued
[2024-08-21T21:42:20.235+0000] {logging_mixin.py:190} INFO - Current task name:kafka_stream state:running start_date:2024-08-21 21:42:20.079267+00:00
[2024-08-21T21:42:20.235+0000] {logging_mixin.py:190} INFO - Dag name:docker_spark_tasks and current dag run status:running
[2024-08-21T21:42:20.235+0000] {taskinstance.py:731} INFO - ::endgroup::
[2024-08-21T21:42:20.237+0000] {subprocess.py:63} INFO - Tmp dir root location: /tmp
[2024-08-21T21:42:20.237+0000] {subprocess.py:75} INFO - Running command: ['/usr/bin/bash', '-c', 'docker exec node-master /usr/bin/python /home/spark/src/kafka/kafka_stream.py']
[2024-08-21T21:42:20.255+0000] {subprocess.py:86} INFO - Output:
[2024-08-21T21:42:20.268+0000] {subprocess.py:93} INFO - Cannot connect to the Docker daemon at unix:///var/run/docker.sock. Is the docker daemon running?
[2024-08-21T21:42:20.269+0000] {subprocess.py:97} INFO - Command exited with return code 1
[2024-08-21T21:42:20.279+0000] {taskinstance.py:3301} ERROR - Task failed with exception
Traceback (most recent call last):
  File "/home/airflow/.local/lib/python3.12/site-packages/airflow/models/taskinstance.py", line 767, in _execute_task
    result = _execute_callable(context=context, **execute_callable_kwargs)
             ^^^^^^^^^^^^^^^^^^^^^^^^^^^^^^^^^^^^^^^^^^^^^^^^^^^^^^^^^^^^^
  File "/home/airflow/.local/lib/python3.12/site-packages/airflow/models/taskinstance.py", line 733, in _execute_callable
    return ExecutionCallableRunner(
           ^^^^^^^^^^^^^^^^^^^^^^^^
  File "/home/airflow/.local/lib/python3.12/site-packages/airflow/utils/operator_helpers.py", line 252, in run
    return self.func(*args, **kwargs)
           ^^^^^^^^^^^^^^^^^^^^^^^^^^
  File "/home/airflow/.local/lib/python3.12/site-packages/airflow/models/baseoperator.py", line 406, in wrapper
    return func(self, *args, **kwargs)
           ^^^^^^^^^^^^^^^^^^^^^^^^^^^
  File "/home/airflow/.local/lib/python3.12/site-packages/airflow/operators/bash.py", line 249, in execute
    raise AirflowException(
airflow.exceptions.AirflowException: Bash command failed. The command returned a non-zero exit code 1.
[2024-08-21T21:42:20.285+0000] {logging_mixin.py:190} INFO - Task instance in failure state
[2024-08-21T21:42:20.285+0000] {logging_mixin.py:190} INFO - Task start:2024-08-21 21:42:20.079267+00:00 end:2024-08-21 21:42:20.284793+00:00 duration:0.205526
[2024-08-21T21:42:20.285+0000] {logging_mixin.py:190} INFO - Task:<Task(BashOperator): kafka_stream> dag:<DAG: docker_spark_tasks> dagrun:<DagRun docker_spark_tasks @ 2024-08-21 21:42:16.253919+00:00: manual__2024-08-21T21:42:16.253919+00:00, state:running, queued_at: 2024-08-21 21:42:16.264541+00:00. externally triggered: True>
[2024-08-21T21:42:20.285+0000] {logging_mixin.py:190} INFO - Failure caused by Bash command failed. The command returned a non-zero exit code 1.
[2024-08-21T21:42:20.286+0000] {taskinstance.py:1225} INFO - Marking task as UP_FOR_RETRY. dag_id=docker_spark_tasks, task_id=kafka_stream, run_id=manual__2024-08-21T21:42:16.253919+00:00, execution_date=20240821T214216, start_date=20240821T214220, end_date=20240821T214220
[2024-08-21T21:42:20.297+0000] {taskinstance.py:340} INFO - ::group::Post task execution logs
[2024-08-21T21:42:20.297+0000] {standard_task_runner.py:124} ERROR - Failed to execute job 7 for task kafka_stream (Bash command failed. The command returned a non-zero exit code 1.; 76)
Traceback (most recent call last):
  File "/home/airflow/.local/lib/python3.12/site-packages/airflow/task/task_runner/standard_task_runner.py", line 117, in _start_by_fork
    ret = args.func(args, dag=self.dag)
          ^^^^^^^^^^^^^^^^^^^^^^^^^^^^^
  File "/home/airflow/.local/lib/python3.12/site-packages/airflow/cli/cli_config.py", line 49, in command
    return func(*args, **kwargs)
           ^^^^^^^^^^^^^^^^^^^^^
  File "/home/airflow/.local/lib/python3.12/site-packages/airflow/utils/cli.py", line 115, in wrapper
    return f(*args, **kwargs)
           ^^^^^^^^^^^^^^^^^^
  File "/home/airflow/.local/lib/python3.12/site-packages/airflow/cli/commands/task_command.py", line 483, in task_run
    task_return_code = _run_task_by_selected_method(args, _dag, ti)
                       ^^^^^^^^^^^^^^^^^^^^^^^^^^^^^^^^^^^^^^^^^^^^
  File "/home/airflow/.local/lib/python3.12/site-packages/airflow/cli/commands/task_command.py", line 256, in _run_task_by_selected_method
    return _run_raw_task(args, ti)
           ^^^^^^^^^^^^^^^^^^^^^^^
  File "/home/airflow/.local/lib/python3.12/site-packages/airflow/cli/commands/task_command.py", line 341, in _run_raw_task
    return ti._run_raw_task(
           ^^^^^^^^^^^^^^^^^
  File "/home/airflow/.local/lib/python3.12/site-packages/airflow/utils/session.py", line 97, in wrapper
    return func(*args, session=session, **kwargs)
           ^^^^^^^^^^^^^^^^^^^^^^^^^^^^^^^^^^^^^^
  File "/home/airflow/.local/lib/python3.12/site-packages/airflow/models/taskinstance.py", line 2995, in _run_raw_task
    return _run_raw_task(
           ^^^^^^^^^^^^^^
  File "/home/airflow/.local/lib/python3.12/site-packages/airflow/models/taskinstance.py", line 273, in _run_raw_task
    TaskInstance._execute_task_with_callbacks(
  File "/home/airflow/.local/lib/python3.12/site-packages/airflow/models/taskinstance.py", line 3149, in _execute_task_with_callbacks
    result = self._execute_task(context, task_orig)
             ^^^^^^^^^^^^^^^^^^^^^^^^^^^^^^^^^^^^^^
  File "/home/airflow/.local/lib/python3.12/site-packages/airflow/models/taskinstance.py", line 3173, in _execute_task
    return _execute_task(self, context, task_orig)
           ^^^^^^^^^^^^^^^^^^^^^^^^^^^^^^^^^^^^^^^
  File "/home/airflow/.local/lib/python3.12/site-packages/airflow/models/taskinstance.py", line 767, in _execute_task
    result = _execute_callable(context=context, **execute_callable_kwargs)
             ^^^^^^^^^^^^^^^^^^^^^^^^^^^^^^^^^^^^^^^^^^^^^^^^^^^^^^^^^^^^^
  File "/home/airflow/.local/lib/python3.12/site-packages/airflow/models/taskinstance.py", line 733, in _execute_callable
    return ExecutionCallableRunner(
           ^^^^^^^^^^^^^^^^^^^^^^^^
  File "/home/airflow/.local/lib/python3.12/site-packages/airflow/utils/operator_helpers.py", line 252, in run
    return self.func(*args, **kwargs)
           ^^^^^^^^^^^^^^^^^^^^^^^^^^
  File "/home/airflow/.local/lib/python3.12/site-packages/airflow/models/baseoperator.py", line 406, in wrapper
    return func(self, *args, **kwargs)
           ^^^^^^^^^^^^^^^^^^^^^^^^^^^
  File "/home/airflow/.local/lib/python3.12/site-packages/airflow/operators/bash.py", line 249, in execute
    raise AirflowException(
airflow.exceptions.AirflowException: Bash command failed. The command returned a non-zero exit code 1.
[2024-08-21T21:42:20.317+0000] {local_task_job_runner.py:261} INFO - Task exited with return code 1
[2024-08-21T21:42:20.333+0000] {taskinstance.py:3891} INFO - 0 downstream tasks scheduled from follow-on schedule check
[2024-08-21T21:42:20.334+0000] {local_task_job_runner.py:240} INFO - ::endgroup::
